# Logfile created on 2012-11-25 01:43:13 +0600 by logger.rb/31641
I, [2012-11-25T01:43:13.575302 #10028]  INFO -- : Create Chat (версия 0.1)
I, [2012-11-25T01:45:45.911915 #10204]  INFO -- : Create Chat (версия 0.1)
I, [2012-11-25T01:45:45.912091 #10204]  INFO -- : WebSockets сервер запущен на 0.0.0.0:7325
I, [2012-11-25T01:45:45.912183 #10204]  INFO -- : HTTP сервер запущен на 0.0.0.0:7326
I, [2012-11-25T01:53:57.062224 #10279]  INFO -- : Create Chat (версия 0.1)
I, [2012-11-25T01:53:57.062398 #10279]  INFO -- : WebSockets сервер запущен на 0.0.0.0:7325
I, [2012-11-25T01:53:57.062489 #10279]  INFO -- : HTTP сервер запущен на 0.0.0.0:7326
I, [2012-11-25T01:58:30.996471 #10329]  INFO -- : Create Chat (версия 0.1)
I, [2012-11-25T01:58:30.996646 #10329]  INFO -- : WebSockets сервер запущен на 0.0.0.0:7325
I, [2012-11-25T01:58:30.996739 #10329]  INFO -- : HTTP сервер запущен на 0.0.0.0:7326
I, [2012-11-25T01:58:37.018302 #10329]  INFO -- : HTTP-запрос: GET / HTTP/1.1
Host: localhost:7326
Connection: keep-alive
Cache-Control: max-age=0
User-Agent: Mozilla/5.0 (X11; Linux i686) AppleWebKit/537.11 (KHTML, like Gecko) Chrome/23.0.1271.64 Safari/537.11
Accept: text/html,application/xhtml+xml,application/xml;q=0.9,*/*;q=0.8
Accept-Encoding: gzip,deflate,sdch
Accept-Language: en-US,en;q=0.8
Accept-Charset: ISO-8859-1,utf-8;q=0.7,*;q=0.3


I, [2012-11-25T02:03:33.672750 #10401]  INFO -- : Create Chat (версия 0.1)
I, [2012-11-25T02:03:33.672921 #10401]  INFO -- : WebSockets сервер запущен на 0.0.0.0:7325
I, [2012-11-25T02:03:33.673013 #10401]  INFO -- : HTTP сервер запущен на 0.0.0.0:7326
I, [2012-11-25T02:03:41.361735 #10401]  INFO -- : HTTP-запрос: GET / HTTP/1.1
Host: localhost:7326
Connection: keep-alive
Cache-Control: max-age=0
User-Agent: Mozilla/5.0 (X11; Linux i686) AppleWebKit/537.11 (KHTML, like Gecko) Chrome/23.0.1271.64 Safari/537.11
Accept: text/html,application/xhtml+xml,application/xml;q=0.9,*/*;q=0.8
Accept-Encoding: gzip,deflate,sdch
Accept-Language: en-US,en;q=0.8
Accept-Charset: ISO-8859-1,utf-8;q=0.7,*;q=0.3


I, [2012-11-25T02:04:54.716199 #10401]  INFO -- : HTTP-запрос: sdc

I, [2012-11-25T02:05:05.429130 #10401]  INFO -- : HTTP-запрос: 

I, [2012-11-25T02:06:58.350615 #10580]  INFO -- : Create Chat (версия 0.1)
I, [2012-11-25T02:06:58.350792 #10580]  INFO -- : WebSockets сервер запущен на 0.0.0.0:7325
I, [2012-11-25T02:06:58.350883 #10580]  INFO -- : HTTP сервер запущен на 0.0.0.0:7326
I, [2012-11-25T02:07:04.531475 #10580]  INFO -- : HTTP-запрос: 

I, [2012-11-25T02:08:27.367827 #10593]  INFO -- : Create Chat (версия 0.1)
I, [2012-11-25T02:08:27.367998 #10593]  INFO -- : WebSockets сервер запущен на 0.0.0.0:7325
I, [2012-11-25T02:08:27.368091 #10593]  INFO -- : HTTP сервер запущен на 0.0.0.0:7326
I, [2012-11-25T02:08:37.311383 #10593]  INFO -- : HTTP-запрос: GET / HTTP/1.1
Host: localhost:7326
Connection: keep-alive
Cache-Control: max-age=0
User-Agent: Mozilla/5.0 (X11; Linux i686) AppleWebKit/537.11 (KHTML, like Gecko) Chrome/23.0.1271.64 Safari/537.11
Accept: text/html,application/xhtml+xml,application/xml;q=0.9,*/*;q=0.8
Accept-Encoding: gzip,deflate,sdch
Accept-Language: en-US,en;q=0.8
Accept-Charset: ISO-8859-1,utf-8;q=0.7,*;q=0.3


I, [2012-11-25T02:08:37.710695 #10593]  INFO -- : HTTP-запрос: GET /favicon.ico HTTP/1.1
Host: localhost:7326
Connection: keep-alive
Accept: */*
User-Agent: Mozilla/5.0 (X11; Linux i686) AppleWebKit/537.11 (KHTML, like Gecko) Chrome/23.0.1271.64 Safari/537.11
Accept-Encoding: gzip,deflate,sdch
Accept-Language: en-US,en;q=0.8
Accept-Charset: ISO-8859-1,utf-8;q=0.7,*;q=0.3


I, [2012-11-25T02:08:37.742654 #10593]  INFO -- : Установлено соединение c Без имени 562
I, [2012-11-25T02:08:38.175577 #10593]  INFO -- : HTTP-запрос: GET /favicon.ico HTTP/1.1
Host: localhost:7326
Connection: keep-alive
Accept: */*
User-Agent: Mozilla/5.0 (X11; Linux i686) AppleWebKit/537.11 (KHTML, like Gecko) Chrome/23.0.1271.64 Safari/537.11
Accept-Encoding: gzip,deflate,sdch
Accept-Language: en-US,en;q=0.8
Accept-Charset: ISO-8859-1,utf-8;q=0.7,*;q=0.3


I, [2012-11-25T02:10:03.722892 #10593]  INFO -- : HTTP-запрос: GET / HTTP/1.1
Host: localhost:7326
Connection: keep-alive
Cache-Control: max-age=0
User-Agent: Mozilla/5.0 (X11; Linux i686) AppleWebKit/537.11 (KHTML, like Gecko) Chrome/23.0.1271.64 Safari/537.11
Accept: text/html,application/xhtml+xml,application/xml;q=0.9,*/*;q=0.8
Accept-Encoding: gzip,deflate,sdch
Accept-Language: en-US,en;q=0.8
Accept-Charset: ISO-8859-1,utf-8;q=0.7,*;q=0.3


I, [2012-11-25T02:10:03.970750 #10593]  INFO -- : Соединение c Без имени 562 закрыто
I, [2012-11-25T02:10:04.174645 #10593]  INFO -- : Установлено соединение c Без имени 978
I, [2012-11-25T02:10:04.345378 #10593]  INFO -- : HTTP-запрос: GET /favicon.ico HTTP/1.1
Host: localhost:7326
Connection: keep-alive
Accept: */*
User-Agent: Mozilla/5.0 (X11; Linux i686) AppleWebKit/537.11 (KHTML, like Gecko) Chrome/23.0.1271.64 Safari/537.11
Accept-Encoding: gzip,deflate,sdch
Accept-Language: en-US,en;q=0.8
Accept-Charset: ISO-8859-1,utf-8;q=0.7,*;q=0.3


I, [2012-11-25T02:10:15.941253 #10593]  INFO -- : HTTP-запрос: GET / HTTP/1.1
Host: localhost:7326
Connection: keep-alive
Cache-Control: max-age=0
User-Agent: Mozilla/5.0 (X11; Linux i686) AppleWebKit/537.11 (KHTML, like Gecko) Chrome/23.0.1271.64 Safari/537.11
Accept: text/html,application/xhtml+xml,application/xml;q=0.9,*/*;q=0.8
Accept-Encoding: gzip,deflate,sdch
Accept-Language: en-US,en;q=0.8
Accept-Charset: ISO-8859-1,utf-8;q=0.7,*;q=0.3


I, [2012-11-25T02:10:16.167474 #10593]  INFO -- : Соединение c Без имени 978 закрыто
I, [2012-11-25T02:10:16.321593 #10593]  INFO -- : Установлено соединение c Без имени 536
I, [2012-11-25T02:10:16.497670 #10593]  INFO -- : HTTP-запрос: GET /favicon.ico HTTP/1.1
Host: localhost:7326
Connection: keep-alive
Accept: */*
User-Agent: Mozilla/5.0 (X11; Linux i686) AppleWebKit/537.11 (KHTML, like Gecko) Chrome/23.0.1271.64 Safari/537.11
Accept-Encoding: gzip,deflate,sdch
Accept-Language: en-US,en;q=0.8
Accept-Charset: ISO-8859-1,utf-8;q=0.7,*;q=0.3


I, [2012-11-25T02:10:30.762227 #10593]  INFO -- : HTTP-запрос: GET / HTTP/1.1
Host: localhost:7326
Connection: keep-alive
User-Agent: Mozilla/5.0 (X11; Linux i686) AppleWebKit/537.11 (KHTML, like Gecko) Chrome/23.0.1271.64 Safari/537.11
Accept: text/html,application/xhtml+xml,application/xml;q=0.9,*/*;q=0.8
Accept-Encoding: gzip,deflate,sdch
Accept-Language: en-US,en;q=0.8
Accept-Charset: ISO-8859-1,utf-8;q=0.7,*;q=0.3


I, [2012-11-25T02:10:31.002541 #10593]  INFO -- : Установлено соединение c Без имени 981
I, [2012-11-25T02:10:31.003569 #10593]  INFO -- : HTTP-запрос: GET /favicon.ico HTTP/1.1
Host: localhost:7326
Connection: keep-alive
Accept: */*
User-Agent: Mozilla/5.0 (X11; Linux i686) AppleWebKit/537.11 (KHTML, like Gecko) Chrome/23.0.1271.64 Safari/537.11
Accept-Encoding: gzip,deflate,sdch
Accept-Language: en-US,en;q=0.8
Accept-Charset: ISO-8859-1,utf-8;q=0.7,*;q=0.3


I, [2012-11-25T02:10:31.144117 #10593]  INFO -- : HTTP-запрос: GET /favicon.ico HTTP/1.1
Host: localhost:7326
Connection: keep-alive
Accept: */*
User-Agent: Mozilla/5.0 (X11; Linux i686) AppleWebKit/537.11 (KHTML, like Gecko) Chrome/23.0.1271.64 Safari/537.11
Accept-Encoding: gzip,deflate,sdch
Accept-Language: en-US,en;q=0.8
Accept-Charset: ISO-8859-1,utf-8;q=0.7,*;q=0.3


I, [2012-11-25T02:11:29.049124 #10593]  INFO -- : HTTP-запрос: GET / HTTP/1.1
Host: localhost:7326
Connection: keep-alive
Cache-Control: max-age=0
User-Agent: Mozilla/5.0 (X11; Linux i686) AppleWebKit/537.11 (KHTML, like Gecko) Chrome/23.0.1271.64 Safari/537.11
Accept: text/html,application/xhtml+xml,application/xml;q=0.9,*/*;q=0.8
Accept-Encoding: gzip,deflate,sdch
Accept-Language: en-US,en;q=0.8
Accept-Charset: ISO-8859-1,utf-8;q=0.7,*;q=0.3


I, [2012-11-25T02:11:29.186150 #10593]  INFO -- : Соединение c Без имени 981 закрыто
I, [2012-11-25T02:11:29.370513 #10593]  INFO -- : Установлено соединение c Без имени 624
I, [2012-11-25T02:11:29.465437 #10593]  INFO -- : HTTP-запрос: GET /favicon.ico HTTP/1.1
Host: localhost:7326
Connection: keep-alive
Accept: */*
User-Agent: Mozilla/5.0 (X11; Linux i686) AppleWebKit/537.11 (KHTML, like Gecko) Chrome/23.0.1271.64 Safari/537.11
Accept-Encoding: gzip,deflate,sdch
Accept-Language: en-US,en;q=0.8
Accept-Charset: ISO-8859-1,utf-8;q=0.7,*;q=0.3


I, [2012-11-25T02:11:35.292701 #10593]  INFO -- : HTTP-запрос: GET / HTTP/1.1
Host: localhost:7326
Connection: keep-alive
User-Agent: Mozilla/5.0 (X11; Linux i686) AppleWebKit/537.11 (KHTML, like Gecko) Chrome/23.0.1271.64 Safari/537.11
Accept: text/html,application/xhtml+xml,application/xml;q=0.9,*/*;q=0.8
Accept-Encoding: gzip,deflate,sdch
Accept-Language: en-US,en;q=0.8
Accept-Charset: ISO-8859-1,utf-8;q=0.7,*;q=0.3


I, [2012-11-25T02:11:35.577812 #10593]  INFO -- : HTTP-запрос: GET /favicon.ico HTTP/1.1
Host: localhost:7326
Connection: keep-alive
Accept: */*
User-Agent: Mozilla/5.0 (X11; Linux i686) AppleWebKit/537.11 (KHTML, like Gecko) Chrome/23.0.1271.64 Safari/537.11
Accept-Encoding: gzip,deflate,sdch
Accept-Language: en-US,en;q=0.8
Accept-Charset: ISO-8859-1,utf-8;q=0.7,*;q=0.3


I, [2012-11-25T02:11:35.593107 #10593]  INFO -- : Установлено соединение c Без имени 753
I, [2012-11-25T02:11:35.699797 #10593]  INFO -- : HTTP-запрос: GET /favicon.ico HTTP/1.1
Host: localhost:7326
Connection: keep-alive
Accept: */*
User-Agent: Mozilla/5.0 (X11; Linux i686) AppleWebKit/537.11 (KHTML, like Gecko) Chrome/23.0.1271.64 Safari/537.11
Accept-Encoding: gzip,deflate,sdch
Accept-Language: en-US,en;q=0.8
Accept-Charset: ISO-8859-1,utf-8;q=0.7,*;q=0.3


I, [2012-11-25T02:11:50.972236 #10593]  INFO -- : HTTP-запрос: GET / HTTP/1.1
Host: localhost:7326
Connection: keep-alive
Cache-Control: max-age=0
User-Agent: Mozilla/5.0 (X11; Linux i686) AppleWebKit/537.11 (KHTML, like Gecko) Chrome/23.0.1271.64 Safari/537.11
Accept: text/html,application/xhtml+xml,application/xml;q=0.9,*/*;q=0.8
Accept-Encoding: gzip,deflate,sdch
Accept-Language: en-US,en;q=0.8
Accept-Charset: ISO-8859-1,utf-8;q=0.7,*;q=0.3


I, [2012-11-25T02:11:51.038161 #10593]  INFO -- : Соединение c Без имени 753 закрыто
I, [2012-11-25T02:11:51.151499 #10593]  INFO -- : Установлено соединение c Без имени 753
I, [2012-11-25T02:11:51.211159 #10593]  INFO -- : HTTP-запрос: GET /favicon.ico HTTP/1.1
Host: localhost:7326
Connection: keep-alive
Accept: */*
User-Agent: Mozilla/5.0 (X11; Linux i686) AppleWebKit/537.11 (KHTML, like Gecko) Chrome/23.0.1271.64 Safari/537.11
Accept-Encoding: gzip,deflate,sdch
Accept-Language: en-US,en;q=0.8
Accept-Charset: ISO-8859-1,utf-8;q=0.7,*;q=0.3


I, [2012-11-25T02:12:02.335200 #10593]  INFO -- : HTTP-запрос: GET / HTTP/1.1
Host: localhost:7326
Connection: keep-alive
User-Agent: Mozilla/5.0 (X11; Linux i686) AppleWebKit/537.11 (KHTML, like Gecko) Chrome/23.0.1271.64 Safari/537.11
Accept: text/html,application/xhtml+xml,application/xml;q=0.9,*/*;q=0.8
Accept-Encoding: gzip,deflate,sdch
Accept-Language: en-US,en;q=0.8
Accept-Charset: ISO-8859-1,utf-8;q=0.7,*;q=0.3


I, [2012-11-25T02:12:02.649517 #10593]  INFO -- : HTTP-запрос: GET /favicon.ico HTTP/1.1
Host: localhost:7326
Connection: keep-alive
Accept: */*
User-Agent: Mozilla/5.0 (X11; Linux i686) AppleWebKit/537.11 (KHTML, like Gecko) Chrome/23.0.1271.64 Safari/537.11
Accept-Encoding: gzip,deflate,sdch
Accept-Language: en-US,en;q=0.8
Accept-Charset: ISO-8859-1,utf-8;q=0.7,*;q=0.3


I, [2012-11-25T02:12:02.662779 #10593]  INFO -- : Установлено соединение c Без имени 614
I, [2012-11-25T02:12:02.753663 #10593]  INFO -- : HTTP-запрос: GET /favicon.ico HTTP/1.1
Host: localhost:7326
Connection: keep-alive
Accept: */*
User-Agent: Mozilla/5.0 (X11; Linux i686) AppleWebKit/537.11 (KHTML, like Gecko) Chrome/23.0.1271.64 Safari/537.11
Accept-Encoding: gzip,deflate,sdch
Accept-Language: en-US,en;q=0.8
Accept-Charset: ISO-8859-1,utf-8;q=0.7,*;q=0.3


I, [2012-11-25T02:12:53.326126 #10593]  INFO -- : Соединение c Без имени 536 закрыто
I, [2012-11-25T02:12:53.326655 #10593]  INFO -- : Соединение c Без имени 624 закрыто
I, [2012-11-25T02:12:53.326997 #10593]  INFO -- : Соединение c Без имени 753 закрыто
I, [2012-11-25T02:12:53.327314 #10593]  INFO -- : Соединение c Без имени 614 закрыто
I, [2012-11-25T02:12:54.160389 #10753]  INFO -- : Create Chat (версия 0.1)
I, [2012-11-25T02:12:54.160564 #10753]  INFO -- : WebSockets сервер запущен на 0.0.0.0:7325
I, [2012-11-25T02:12:54.160656 #10753]  INFO -- : HTTP сервер запущен на 0.0.0.0:7326
I, [2012-11-25T02:12:57.775088 #10753]  INFO -- : HTTP-запрос: GET / HTTP/1.1
Host: localhost:7326
Connection: keep-alive
Cache-Control: max-age=0
User-Agent: Mozilla/5.0 (X11; Linux i686) AppleWebKit/537.11 (KHTML, like Gecko) Chrome/23.0.1271.64 Safari/537.11
Accept: text/html,application/xhtml+xml,application/xml;q=0.9,*/*;q=0.8
Accept-Encoding: gzip,deflate,sdch
Accept-Language: en-US,en;q=0.8
Accept-Charset: ISO-8859-1,utf-8;q=0.7,*;q=0.3


I, [2012-11-25T02:12:58.061346 #10753]  INFO -- : Установлено соединение c Без имени 375
I, [2012-11-25T02:12:58.105921 #10753]  INFO -- : HTTP-запрос: GET /favicon.ico HTTP/1.1
Host: localhost:7326
Connection: keep-alive
Accept: */*
User-Agent: Mozilla/5.0 (X11; Linux i686) AppleWebKit/537.11 (KHTML, like Gecko) Chrome/23.0.1271.64 Safari/537.11
Accept-Encoding: gzip,deflate,sdch
Accept-Language: en-US,en;q=0.8
Accept-Charset: ISO-8859-1,utf-8;q=0.7,*;q=0.3


I, [2012-11-25T02:13:02.044407 #10753]  INFO -- : HTTP-запрос: GET / HTTP/1.1
Host: localhost:7326
Connection: keep-alive
Cache-Control: max-age=0
User-Agent: Mozilla/5.0 (X11; Linux i686) AppleWebKit/537.11 (KHTML, like Gecko) Chrome/23.0.1271.64 Safari/537.11
Accept: text/html,application/xhtml+xml,application/xml;q=0.9,*/*;q=0.8
Accept-Encoding: gzip,deflate,sdch
Accept-Language: en-US,en;q=0.8
Accept-Charset: ISO-8859-1,utf-8;q=0.7,*;q=0.3


I, [2012-11-25T02:13:02.306741 #10753]  INFO -- : Установлено соединение c Без имени 676
I, [2012-11-25T02:13:02.374703 #10753]  INFO -- : HTTP-запрос: GET /favicon.ico HTTP/1.1
Host: localhost:7326
Connection: keep-alive
Accept: */*
User-Agent: Mozilla/5.0 (X11; Linux i686) AppleWebKit/537.11 (KHTML, like Gecko) Chrome/23.0.1271.64 Safari/537.11
Accept-Encoding: gzip,deflate,sdch
Accept-Language: en-US,en;q=0.8
Accept-Charset: ISO-8859-1,utf-8;q=0.7,*;q=0.3


I, [2012-11-25T02:13:03.699842 #10753]  INFO -- : Соединение c Без имени 676 закрыто
I, [2012-11-25T02:13:11.813743 #10753]  INFO -- : HTTP-запрос: GET / HTTP/1.1
Host: localhost:7326
Connection: keep-alive
Cache-Control: max-age=0
User-Agent: Mozilla/5.0 (X11; Linux i686) AppleWebKit/537.11 (KHTML, like Gecko) Chrome/23.0.1271.64 Safari/537.11
Accept: text/html,application/xhtml+xml,application/xml;q=0.9,*/*;q=0.8
Accept-Encoding: gzip,deflate,sdch
Accept-Language: en-US,en;q=0.8
Accept-Charset: ISO-8859-1,utf-8;q=0.7,*;q=0.3


I, [2012-11-25T02:13:11.886668 #10753]  INFO -- : Соединение c Без имени 375 закрыто
I, [2012-11-25T02:13:11.985541 #10753]  INFO -- : Установлено соединение c Без имени 961
I, [2012-11-25T02:13:12.064242 #10753]  INFO -- : HTTP-запрос: GET /favicon.ico HTTP/1.1
Host: localhost:7326
Connection: keep-alive
Accept: */*
User-Agent: Mozilla/5.0 (X11; Linux i686) AppleWebKit/537.11 (KHTML, like Gecko) Chrome/23.0.1271.64 Safari/537.11
Accept-Encoding: gzip,deflate,sdch
Accept-Language: en-US,en;q=0.8
Accept-Charset: ISO-8859-1,utf-8;q=0.7,*;q=0.3


I, [2012-11-25T02:13:12.317101 #10753]  INFO -- : HTTP-запрос: GET / HTTP/1.1
Host: localhost:7326
Connection: keep-alive
Cache-Control: max-age=0
User-Agent: Mozilla/5.0 (X11; Linux i686) AppleWebKit/537.11 (KHTML, like Gecko) Chrome/23.0.1271.64 Safari/537.11
Accept: text/html,application/xhtml+xml,application/xml;q=0.9,*/*;q=0.8
Accept-Encoding: gzip,deflate,sdch
Accept-Language: en-US,en;q=0.8
Accept-Charset: ISO-8859-1,utf-8;q=0.7,*;q=0.3


I, [2012-11-25T02:13:12.378039 #10753]  INFO -- : Соединение c Без имени 961 закрыто
I, [2012-11-25T02:13:12.482327 #10753]  INFO -- : Установлено соединение c Без имени 182
I, [2012-11-25T02:13:12.564873 #10753]  INFO -- : HTTP-запрос: GET /favicon.ico HTTP/1.1
Host: localhost:7326
Connection: keep-alive
Accept: */*
User-Agent: Mozilla/5.0 (X11; Linux i686) AppleWebKit/537.11 (KHTML, like Gecko) Chrome/23.0.1271.64 Safari/537.11
Accept-Encoding: gzip,deflate,sdch
Accept-Language: en-US,en;q=0.8
Accept-Charset: ISO-8859-1,utf-8;q=0.7,*;q=0.3


I, [2012-11-25T02:13:12.791696 #10753]  INFO -- : HTTP-запрос: GET / HTTP/1.1
Host: localhost:7326
Connection: keep-alive
Cache-Control: max-age=0
User-Agent: Mozilla/5.0 (X11; Linux i686) AppleWebKit/537.11 (KHTML, like Gecko) Chrome/23.0.1271.64 Safari/537.11
Accept: text/html,application/xhtml+xml,application/xml;q=0.9,*/*;q=0.8
Accept-Encoding: gzip,deflate,sdch
Accept-Language: en-US,en;q=0.8
Accept-Charset: ISO-8859-1,utf-8;q=0.7,*;q=0.3


I, [2012-11-25T02:13:12.854285 #10753]  INFO -- : Соединение c Без имени 182 закрыто
I, [2012-11-25T02:13:12.997455 #10753]  INFO -- : Установлено соединение c Без имени 251
I, [2012-11-25T02:13:13.020154 #10753]  INFO -- : HTTP-запрос: GET /favicon.ico HTTP/1.1
Host: localhost:7326
Connection: keep-alive
Accept: */*
User-Agent: Mozilla/5.0 (X11; Linux i686) AppleWebKit/537.11 (KHTML, like Gecko) Chrome/23.0.1271.64 Safari/537.11
Accept-Encoding: gzip,deflate,sdch
Accept-Language: en-US,en;q=0.8
Accept-Charset: ISO-8859-1,utf-8;q=0.7,*;q=0.3


I, [2012-11-25T02:13:14.944213 #10753]  INFO -- : HTTP-запрос: GET / HTTP/1.1
Host: localhost:7326
Connection: keep-alive
Cache-Control: max-age=0
User-Agent: Mozilla/5.0 (X11; Linux i686) AppleWebKit/537.11 (KHTML, like Gecko) Chrome/23.0.1271.64 Safari/537.11
Accept: text/html,application/xhtml+xml,application/xml;q=0.9,*/*;q=0.8
Accept-Encoding: gzip,deflate,sdch
Accept-Language: en-US,en;q=0.8
Accept-Charset: ISO-8859-1,utf-8;q=0.7,*;q=0.3


I, [2012-11-25T02:13:15.210401 #10753]  INFO -- : Установлено соединение c Без имени 980
I, [2012-11-25T02:13:15.271888 #10753]  INFO -- : HTTP-запрос: GET /favicon.ico HTTP/1.1
Host: localhost:7326
Connection: keep-alive
Accept: */*
User-Agent: Mozilla/5.0 (X11; Linux i686) AppleWebKit/537.11 (KHTML, like Gecko) Chrome/23.0.1271.64 Safari/537.11
Accept-Encoding: gzip,deflate,sdch
Accept-Language: en-US,en;q=0.8
Accept-Charset: ISO-8859-1,utf-8;q=0.7,*;q=0.3


I, [2012-11-25T02:13:17.454610 #10753]  INFO -- : HTTP-запрос: GET / HTTP/1.1
Host: localhost:7326
Connection: keep-alive
Cache-Control: max-age=0
User-Agent: Mozilla/5.0 (X11; Linux i686) AppleWebKit/537.11 (KHTML, like Gecko) Chrome/23.0.1271.64 Safari/537.11
Accept: text/html,application/xhtml+xml,application/xml;q=0.9,*/*;q=0.8
Accept-Encoding: gzip,deflate,sdch
Accept-Language: en-US,en;q=0.8
Accept-Charset: ISO-8859-1,utf-8;q=0.7,*;q=0.3


I, [2012-11-25T02:13:17.571477 #10753]  INFO -- : Соединение c Без имени 251 закрыто
I, [2012-11-25T02:13:17.700910 #10753]  INFO -- : Установлено соединение c Без имени 491
I, [2012-11-25T02:13:17.800884 #10753]  INFO -- : HTTP-запрос: GET /favicon.ico HTTP/1.1
Host: localhost:7326
Connection: keep-alive
Accept: */*
User-Agent: Mozilla/5.0 (X11; Linux i686) AppleWebKit/537.11 (KHTML, like Gecko) Chrome/23.0.1271.64 Safari/537.11
Accept-Encoding: gzip,deflate,sdch
Accept-Language: en-US,en;q=0.8
Accept-Charset: ISO-8859-1,utf-8;q=0.7,*;q=0.3


I, [2012-11-25T02:13:18.657215 #10753]  INFO -- : HTTP-запрос: GET / HTTP/1.1
Host: localhost:7326
Connection: keep-alive
Cache-Control: max-age=0
User-Agent: Mozilla/5.0 (X11; Linux i686) AppleWebKit/537.11 (KHTML, like Gecko) Chrome/23.0.1271.64 Safari/537.11
Accept: text/html,application/xhtml+xml,application/xml;q=0.9,*/*;q=0.8
Accept-Encoding: gzip,deflate,sdch
Accept-Language: en-US,en;q=0.8
Accept-Charset: ISO-8859-1,utf-8;q=0.7,*;q=0.3


I, [2012-11-25T02:13:18.723196 #10753]  INFO -- : Соединение c Без имени 491 закрыто
I, [2012-11-25T02:13:18.841803 #10753]  INFO -- : Установлено соединение c Без имени 485
I, [2012-11-25T02:13:18.919770 #10753]  INFO -- : HTTP-запрос: GET /favicon.ico HTTP/1.1
Host: localhost:7326
Connection: keep-alive
Accept: */*
User-Agent: Mozilla/5.0 (X11; Linux i686) AppleWebKit/537.11 (KHTML, like Gecko) Chrome/23.0.1271.64 Safari/537.11
Accept-Encoding: gzip,deflate,sdch
Accept-Language: en-US,en;q=0.8
Accept-Charset: ISO-8859-1,utf-8;q=0.7,*;q=0.3


I, [2012-11-25T02:13:31.396390 #10753]  INFO -- : Соединение c Без имени 980 закрыто
I, [2012-11-25T02:13:31.396923 #10753]  INFO -- : Соединение c Без имени 485 закрыто
I, [2012-11-25T02:13:45.212220 #10778]  INFO -- : Create Chat (версия 0.1)
I, [2012-11-25T02:13:45.212395 #10778]  INFO -- : WebSockets сервер запущен на 0.0.0.0:7325
I, [2012-11-25T02:13:45.212487 #10778]  INFO -- : HTTP сервер запущен на 0.0.0.0:7326
I, [2012-11-25T02:13:47.106183 #10778]  INFO -- : HTTP-запрос: GET / HTTP/1.1
Host: localhost:7326
Connection: keep-alive
Cache-Control: max-age=0
User-Agent: Mozilla/5.0 (X11; Linux i686) AppleWebKit/537.11 (KHTML, like Gecko) Chrome/23.0.1271.64 Safari/537.11
Accept: text/html,application/xhtml+xml,application/xml;q=0.9,*/*;q=0.8
Accept-Encoding: gzip,deflate,sdch
Accept-Language: en-US,en;q=0.8
Accept-Charset: ISO-8859-1,utf-8;q=0.7,*;q=0.3


I, [2012-11-25T02:13:47.365594 #10778]  INFO -- : Установлено соединение c Без имени #840
I, [2012-11-25T02:13:47.449054 #10778]  INFO -- : HTTP-запрос: GET /favicon.ico HTTP/1.1
Host: localhost:7326
Connection: keep-alive
Accept: */*
User-Agent: Mozilla/5.0 (X11; Linux i686) AppleWebKit/537.11 (KHTML, like Gecko) Chrome/23.0.1271.64 Safari/537.11
Accept-Encoding: gzip,deflate,sdch
Accept-Language: en-US,en;q=0.8
Accept-Charset: ISO-8859-1,utf-8;q=0.7,*;q=0.3


I, [2012-11-25T02:13:49.420720 #10778]  INFO -- : HTTP-запрос: GET / HTTP/1.1
Host: localhost:7326
Connection: keep-alive
Cache-Control: max-age=0
User-Agent: Mozilla/5.0 (X11; Linux i686) AppleWebKit/537.11 (KHTML, like Gecko) Chrome/23.0.1271.64 Safari/537.11
Accept: text/html,application/xhtml+xml,application/xml;q=0.9,*/*;q=0.8
Accept-Encoding: gzip,deflate,sdch
Accept-Language: en-US,en;q=0.8
Accept-Charset: ISO-8859-1,utf-8;q=0.7,*;q=0.3


I, [2012-11-25T02:13:49.701422 #10778]  INFO -- : Установлено соединение c Без имени #889
I, [2012-11-25T02:13:49.745290 #10778]  INFO -- : HTTP-запрос: GET /favicon.ico HTTP/1.1
Host: localhost:7326
Connection: keep-alive
Accept: */*
User-Agent: Mozilla/5.0 (X11; Linux i686) AppleWebKit/537.11 (KHTML, like Gecko) Chrome/23.0.1271.64 Safari/537.11
Accept-Encoding: gzip,deflate,sdch
Accept-Language: en-US,en;q=0.8
Accept-Charset: ISO-8859-1,utf-8;q=0.7,*;q=0.3


I, [2012-11-25T02:13:54.108400 #10778]  INFO -- : Сообщение от Без имени #889: $help
I, [2012-11-25T02:14:08.236944 #10778]  INFO -- : Соединение c Без имени #840 закрыто
I, [2012-11-25T02:14:08.237661 #10778]  INFO -- : Соединение c Без имени #889 закрыто
I, [2012-11-25T02:17:51.926831 #10840]  INFO -- : Create Chat (версия 0.1)
I, [2012-11-25T02:17:51.927006 #10840]  INFO -- : WebSockets сервер запущен на 0.0.0.0:7325
I, [2012-11-25T02:17:51.927098 #10840]  INFO -- : HTTP сервер запущен на 0.0.0.0:7326
I, [2012-11-25T02:17:59.191135 #10840]  INFO -- : HTTP-запрос: GET / HTTP/1.1
Host: localhost:7326
Connection: keep-alive
Cache-Control: max-age=0
User-Agent: Mozilla/5.0 (X11; Linux i686) AppleWebKit/537.11 (KHTML, like Gecko) Chrome/23.0.1271.64 Safari/537.11
Accept: text/html,application/xhtml+xml,application/xml;q=0.9,*/*;q=0.8
Accept-Encoding: gzip,deflate,sdch
Accept-Language: en-US,en;q=0.8
Accept-Charset: ISO-8859-1,utf-8;q=0.7,*;q=0.3


I, [2012-11-25T02:17:59.366283 #10840]  INFO -- : Установлено соединение c Без имени #518
I, [2012-11-25T02:17:59.389476 #10840]  INFO -- : HTTP-запрос: GET /favicon.ico HTTP/1.1
Host: localhost:7326
Connection: keep-alive
Accept: */*
User-Agent: Mozilla/5.0 (X11; Linux i686) AppleWebKit/537.11 (KHTML, like Gecko) Chrome/23.0.1271.64 Safari/537.11
Accept-Encoding: gzip,deflate,sdch
Accept-Language: en-US,en;q=0.8
Accept-Charset: ISO-8859-1,utf-8;q=0.7,*;q=0.3


I, [2012-11-25T02:18:01.833583 #10840]  INFO -- : HTTP-запрос: GET / HTTP/1.1
Host: localhost:7326
Connection: keep-alive
Cache-Control: max-age=0
User-Agent: Mozilla/5.0 (X11; Linux i686) AppleWebKit/537.11 (KHTML, like Gecko) Chrome/23.0.1271.64 Safari/537.11
Accept: text/html,application/xhtml+xml,application/xml;q=0.9,*/*;q=0.8
Accept-Encoding: gzip,deflate,sdch
Accept-Language: en-US,en;q=0.8
Accept-Charset: ISO-8859-1,utf-8;q=0.7,*;q=0.3


I, [2012-11-25T02:18:01.988537 #10840]  INFO -- : Установлено соединение c Без имени #330
I, [2012-11-25T02:18:02.070831 #10840]  INFO -- : HTTP-запрос: GET /favicon.ico HTTP/1.1
Host: localhost:7326
Connection: keep-alive
Accept: */*
User-Agent: Mozilla/5.0 (X11; Linux i686) AppleWebKit/537.11 (KHTML, like Gecko) Chrome/23.0.1271.64 Safari/537.11
Accept-Encoding: gzip,deflate,sdch
Accept-Language: en-US,en;q=0.8
Accept-Charset: ISO-8859-1,utf-8;q=0.7,*;q=0.3


I, [2012-11-25T02:19:34.125228 #10840]  INFO -- : Соединение c Без имени #518 закрыто
I, [2012-11-25T02:19:34.125728 #10840]  INFO -- : Соединение c Без имени #330 закрыто
I, [2012-11-25T02:19:34.971487 #10863]  INFO -- : Create Chat (версия 0.1)
I, [2012-11-25T02:19:34.971657 #10863]  INFO -- : WebSockets сервер запущен на 0.0.0.0:7325
I, [2012-11-25T02:19:34.971749 #10863]  INFO -- : HTTP сервер запущен на 0.0.0.0:7326
I, [2012-11-25T02:19:44.088647 #10863]  INFO -- : HTTP-запрос: GET / HTTP/1.1
Host: localhost:7326
Connection: keep-alive
Cache-Control: max-age=0
User-Agent: Mozilla/5.0 (X11; Linux i686) AppleWebKit/537.11 (KHTML, like Gecko) Chrome/23.0.1271.64 Safari/537.11
Accept: text/html,application/xhtml+xml,application/xml;q=0.9,*/*;q=0.8
Accept-Encoding: gzip,deflate,sdch
Accept-Language: en-US,en;q=0.8
Accept-Charset: ISO-8859-1,utf-8;q=0.7,*;q=0.3


I, [2012-11-25T02:19:44.347431 #10863]  INFO -- : Установлено соединение c Без имени #728
I, [2012-11-25T02:19:44.405211 #10863]  INFO -- : HTTP-запрос: GET /favicon.ico HTTP/1.1
Host: localhost:7326
Connection: keep-alive
Accept: */*
User-Agent: Mozilla/5.0 (X11; Linux i686) AppleWebKit/537.11 (KHTML, like Gecko) Chrome/23.0.1271.64 Safari/537.11
Accept-Encoding: gzip,deflate,sdch
Accept-Language: en-US,en;q=0.8
Accept-Charset: ISO-8859-1,utf-8;q=0.7,*;q=0.3


I, [2012-11-25T02:19:45.999477 #10863]  INFO -- : HTTP-запрос: GET / HTTP/1.1
Host: localhost:7326
Connection: keep-alive
Cache-Control: max-age=0
User-Agent: Mozilla/5.0 (X11; Linux i686) AppleWebKit/537.11 (KHTML, like Gecko) Chrome/23.0.1271.64 Safari/537.11
Accept: text/html,application/xhtml+xml,application/xml;q=0.9,*/*;q=0.8
Accept-Encoding: gzip,deflate,sdch
Accept-Language: en-US,en;q=0.8
Accept-Charset: ISO-8859-1,utf-8;q=0.7,*;q=0.3


I, [2012-11-25T02:19:46.242873 #10863]  INFO -- : Установлено соединение c Без имени #912
I, [2012-11-25T02:19:46.306521 #10863]  INFO -- : HTTP-запрос: GET /favicon.ico HTTP/1.1
Host: localhost:7326
Connection: keep-alive
Accept: */*
User-Agent: Mozilla/5.0 (X11; Linux i686) AppleWebKit/537.11 (KHTML, like Gecko) Chrome/23.0.1271.64 Safari/537.11
Accept-Encoding: gzip,deflate,sdch
Accept-Language: en-US,en;q=0.8
Accept-Charset: ISO-8859-1,utf-8;q=0.7,*;q=0.3


I, [2012-11-25T02:19:51.336055 #10863]  INFO -- : Сообщение от Без имени #912: $help
I, [2012-11-25T02:20:30.921848 #10863]  INFO -- : Соединение c Без имени #728 закрыто
I, [2012-11-25T02:20:30.922360 #10863]  INFO -- : Соединение c Без имени #912 закрыто
I, [2012-11-25T02:21:15.908593 #10877]  INFO -- : Create Chat (версия 0.1)
I, [2012-11-25T02:21:15.908763 #10877]  INFO -- : WebSockets сервер запущен на 0.0.0.0:7325
I, [2012-11-25T02:21:15.908861 #10877]  INFO -- : HTTP сервер запущен на 0.0.0.0:7326
I, [2012-11-25T02:21:22.637392 #10877]  INFO -- : HTTP-запрос: GET / HTTP/1.1
Host: localhost:7326
Connection: keep-alive
Cache-Control: max-age=0
User-Agent: Mozilla/5.0 (X11; Linux i686) AppleWebKit/537.11 (KHTML, like Gecko) Chrome/23.0.1271.64 Safari/537.11
Accept: text/html,application/xhtml+xml,application/xml;q=0.9,*/*;q=0.8
Accept-Encoding: gzip,deflate,sdch
Accept-Language: en-US,en;q=0.8
Accept-Charset: ISO-8859-1,utf-8;q=0.7,*;q=0.3


I, [2012-11-25T02:21:22.812115 #10877]  INFO -- : Установлено соединение c Без имени #992
I, [2012-11-25T02:21:22.883852 #10877]  INFO -- : HTTP-запрос: GET /favicon.ico HTTP/1.1
Host: localhost:7326
Connection: keep-alive
Accept: */*
User-Agent: Mozilla/5.0 (X11; Linux i686) AppleWebKit/537.11 (KHTML, like Gecko) Chrome/23.0.1271.64 Safari/537.11
Accept-Encoding: gzip,deflate,sdch
Accept-Language: en-US,en;q=0.8
Accept-Charset: ISO-8859-1,utf-8;q=0.7,*;q=0.3


I, [2012-11-25T02:22:07.914459 #10877]  INFO -- : Соединение c Без имени #992 закрыто
I, [2012-11-25T02:22:08.832769 #10885]  INFO -- : Create Chat (версия 0.1)
I, [2012-11-25T02:22:08.832936 #10885]  INFO -- : WebSockets сервер запущен на 0.0.0.0:7325
I, [2012-11-25T02:22:08.833028 #10885]  INFO -- : HTTP сервер запущен на 0.0.0.0:7326
I, [2012-11-25T02:22:11.401394 #10885]  INFO -- : HTTP-запрос: GET / HTTP/1.1
Host: localhost:7326
Connection: keep-alive
Cache-Control: max-age=0
User-Agent: Mozilla/5.0 (X11; Linux i686) AppleWebKit/537.11 (KHTML, like Gecko) Chrome/23.0.1271.64 Safari/537.11
Accept: text/html,application/xhtml+xml,application/xml;q=0.9,*/*;q=0.8
Accept-Encoding: gzip,deflate,sdch
Accept-Language: en-US,en;q=0.8
Accept-Charset: ISO-8859-1,utf-8;q=0.7,*;q=0.3


I, [2012-11-25T02:22:11.640900 #10885]  INFO -- : Установлено соединение c Без имени #226
I, [2012-11-25T02:22:11.739283 #10885]  INFO -- : HTTP-запрос: GET /favicon.ico HTTP/1.1
Host: localhost:7326
Connection: keep-alive
Accept: */*
User-Agent: Mozilla/5.0 (X11; Linux i686) AppleWebKit/537.11 (KHTML, like Gecko) Chrome/23.0.1271.64 Safari/537.11
Accept-Encoding: gzip,deflate,sdch
Accept-Language: en-US,en;q=0.8
Accept-Charset: ISO-8859-1,utf-8;q=0.7,*;q=0.3


I, [2012-11-25T02:22:15.338033 #10885]  INFO -- : Сообщение от Без имени #226: $ls
I, [2012-11-25T02:22:20.351033 #10885]  INFO -- : Сообщение от Без имени #226: $help
I, [2012-11-25T02:22:37.987836 #10885]  INFO -- : Соединение c Без имени #226 закрыто
I, [2012-11-25T02:23:28.526293 #10893]  INFO -- : Create Chat (версия 0.1)
I, [2012-11-25T02:23:28.526529 #10893]  INFO -- : WebSockets сервер запущен на 0.0.0.0:7325
I, [2012-11-25T02:23:28.526622 #10893]  INFO -- : HTTP сервер запущен на 0.0.0.0:7326
I, [2012-11-25T02:23:31.413309 #10893]  INFO -- : HTTP-запрос: GET / HTTP/1.1
Host: localhost:7326
Connection: keep-alive
Cache-Control: max-age=0
User-Agent: Mozilla/5.0 (X11; Linux i686) AppleWebKit/537.11 (KHTML, like Gecko) Chrome/23.0.1271.64 Safari/537.11
Accept: text/html,application/xhtml+xml,application/xml;q=0.9,*/*;q=0.8
Accept-Encoding: gzip,deflate,sdch
Accept-Language: en-US,en;q=0.8
Accept-Charset: ISO-8859-1,utf-8;q=0.7,*;q=0.3


I, [2012-11-25T02:23:31.658816 #10893]  INFO -- : Установлено соединение c Без имени #711
I, [2012-11-25T02:23:31.748455 #10893]  INFO -- : HTTP-запрос: GET /favicon.ico HTTP/1.1
Host: localhost:7326
Connection: keep-alive
Accept: */*
User-Agent: Mozilla/5.0 (X11; Linux i686) AppleWebKit/537.11 (KHTML, like Gecko) Chrome/23.0.1271.64 Safari/537.11
Accept-Encoding: gzip,deflate,sdch
Accept-Language: en-US,en;q=0.8
Accept-Charset: ISO-8859-1,utf-8;q=0.7,*;q=0.3


I, [2012-11-25T02:23:34.534531 #10893]  INFO -- : Сообщение от Без имени #711: $help
I, [2012-11-25T02:23:37.631763 #10893]  INFO -- : Соединение c Без имени #711 закрыто
I, [2012-11-25T02:23:46.003560 #10899]  INFO -- : Create Chat (версия 0.1)
I, [2012-11-25T02:23:46.003732 #10899]  INFO -- : WebSockets сервер запущен на 0.0.0.0:7325
I, [2012-11-25T02:23:46.003824 #10899]  INFO -- : HTTP сервер запущен на 0.0.0.0:7326
I, [2012-11-25T02:23:49.106798 #10899]  INFO -- : HTTP-запрос: GET / HTTP/1.1
Host: localhost:7326
Connection: keep-alive
Cache-Control: max-age=0
User-Agent: Mozilla/5.0 (X11; Linux i686) AppleWebKit/537.11 (KHTML, like Gecko) Chrome/23.0.1271.64 Safari/537.11
Accept: text/html,application/xhtml+xml,application/xml;q=0.9,*/*;q=0.8
Accept-Encoding: gzip,deflate,sdch
Accept-Language: en-US,en;q=0.8
Accept-Charset: ISO-8859-1,utf-8;q=0.7,*;q=0.3


I, [2012-11-25T02:23:49.259347 #10899]  INFO -- : Установлено соединение c Без имени #947
I, [2012-11-25T02:23:49.335683 #10899]  INFO -- : HTTP-запрос: GET /favicon.ico HTTP/1.1
Host: localhost:7326
Connection: keep-alive
Accept: */*
User-Agent: Mozilla/5.0 (X11; Linux i686) AppleWebKit/537.11 (KHTML, like Gecko) Chrome/23.0.1271.64 Safari/537.11
Accept-Encoding: gzip,deflate,sdch
Accept-Language: en-US,en;q=0.8
Accept-Charset: ISO-8859-1,utf-8;q=0.7,*;q=0.3


I, [2012-11-25T02:23:52.288880 #10899]  INFO -- : Сообщение от Без имени #947: $help
I, [2012-11-25T02:24:12.160708 #10899]  INFO -- : Соединение c Без имени #947 закрыто
I, [2012-11-25T02:24:19.994343 #10912]  INFO -- : Create Chat (версия 0.1)
I, [2012-11-25T02:24:19.994512 #10912]  INFO -- : WebSockets сервер запущен на 0.0.0.0:7325
I, [2012-11-25T02:24:19.994604 #10912]  INFO -- : HTTP сервер запущен на 0.0.0.0:7326
I, [2012-11-25T02:24:22.257756 #10912]  INFO -- : HTTP-запрос: GET / HTTP/1.1
Host: localhost:7326
Connection: keep-alive
Cache-Control: max-age=0
User-Agent: Mozilla/5.0 (X11; Linux i686) AppleWebKit/537.11 (KHTML, like Gecko) Chrome/23.0.1271.64 Safari/537.11
Accept: text/html,application/xhtml+xml,application/xml;q=0.9,*/*;q=0.8
Accept-Encoding: gzip,deflate,sdch
Accept-Language: en-US,en;q=0.8
Accept-Charset: ISO-8859-1,utf-8;q=0.7,*;q=0.3


I, [2012-11-25T02:24:22.500230 #10912]  INFO -- : Установлено соединение c Без имени #661
I, [2012-11-25T02:24:22.570502 #10912]  INFO -- : HTTP-запрос: GET /favicon.ico HTTP/1.1
Host: localhost:7326
Connection: keep-alive
Accept: */*
User-Agent: Mozilla/5.0 (X11; Linux i686) AppleWebKit/537.11 (KHTML, like Gecko) Chrome/23.0.1271.64 Safari/537.11
Accept-Encoding: gzip,deflate,sdch
Accept-Language: en-US,en;q=0.8
Accept-Charset: ISO-8859-1,utf-8;q=0.7,*;q=0.3


I, [2012-11-25T02:24:24.917573 #10912]  INFO -- : Сообщение от Без имени #661: $help
I, [2012-11-25T02:24:46.153719 #10912]  INFO -- : HTTP-запрос: GET / HTTP/1.1
Host: localhost:7326
Connection: keep-alive
Cache-Control: max-age=0
User-Agent: Mozilla/5.0 (X11; Linux i686) AppleWebKit/537.11 (KHTML, like Gecko) Chrome/23.0.1271.64 Safari/537.11
Accept: text/html,application/xhtml+xml,application/xml;q=0.9,*/*;q=0.8
Accept-Encoding: gzip,deflate,sdch
Accept-Language: en-US,en;q=0.8
Accept-Charset: ISO-8859-1,utf-8;q=0.7,*;q=0.3


I, [2012-11-25T02:24:46.269552 #10912]  INFO -- : Соединение c Без имени #661 закрыто
I, [2012-11-25T02:24:46.437024 #10912]  INFO -- : Установлено соединение c Без имени #394
I, [2012-11-25T02:24:46.484891 #10912]  INFO -- : HTTP-запрос: GET /favicon.ico HTTP/1.1
Host: localhost:7326
Connection: keep-alive
Accept: */*
User-Agent: Mozilla/5.0 (X11; Linux i686) AppleWebKit/537.11 (KHTML, like Gecko) Chrome/23.0.1271.64 Safari/537.11
Accept-Encoding: gzip,deflate,sdch
Accept-Language: en-US,en;q=0.8
Accept-Charset: ISO-8859-1,utf-8;q=0.7,*;q=0.3


I, [2012-11-25T02:24:49.526226 #10912]  INFO -- : Сообщение от Без имени #394: $help
I, [2012-11-25T02:24:52.210927 #10912]  INFO -- : Соединение c Без имени #394 закрыто
I, [2012-11-25T02:24:53.374070 #10925]  INFO -- : Create Chat (версия 0.1)
I, [2012-11-25T02:24:53.374240 #10925]  INFO -- : WebSockets сервер запущен на 0.0.0.0:7325
I, [2012-11-25T02:24:53.374331 #10925]  INFO -- : HTTP сервер запущен на 0.0.0.0:7326
I, [2012-11-25T02:25:00.295962 #10925]  INFO -- : HTTP-запрос: GET / HTTP/1.1
Host: localhost:7326
Connection: keep-alive
Cache-Control: max-age=0
User-Agent: Mozilla/5.0 (X11; Linux i686) AppleWebKit/537.11 (KHTML, like Gecko) Chrome/23.0.1271.64 Safari/537.11
Accept: text/html,application/xhtml+xml,application/xml;q=0.9,*/*;q=0.8
Accept-Encoding: gzip,deflate,sdch
Accept-Language: en-US,en;q=0.8
Accept-Charset: ISO-8859-1,utf-8;q=0.7,*;q=0.3


I, [2012-11-25T02:25:00.456959 #10925]  INFO -- : Установлено соединение c Без имени #324
I, [2012-11-25T02:25:00.533638 #10925]  INFO -- : HTTP-запрос: GET /favicon.ico HTTP/1.1
Host: localhost:7326
Connection: keep-alive
Accept: */*
User-Agent: Mozilla/5.0 (X11; Linux i686) AppleWebKit/537.11 (KHTML, like Gecko) Chrome/23.0.1271.64 Safari/537.11
Accept-Encoding: gzip,deflate,sdch
Accept-Language: en-US,en;q=0.8
Accept-Charset: ISO-8859-1,utf-8;q=0.7,*;q=0.3


I, [2012-11-25T02:25:02.629925 #10925]  INFO -- : Сообщение от Без имени #324: $help
I, [2012-11-25T02:25:23.338406 #10925]  INFO -- : Соединение c Без имени #324 закрыто
I, [2012-11-25T02:25:23.933369 #10928]  INFO -- : Create Chat (версия 0.1)
I, [2012-11-25T02:25:23.933540 #10928]  INFO -- : WebSockets сервер запущен на 0.0.0.0:7325
I, [2012-11-25T02:25:23.933631 #10928]  INFO -- : HTTP сервер запущен на 0.0.0.0:7326
I, [2012-11-25T02:25:25.200189 #10928]  INFO -- : HTTP-запрос: GET / HTTP/1.1
Host: localhost:7326
Connection: keep-alive
Cache-Control: max-age=0
User-Agent: Mozilla/5.0 (X11; Linux i686) AppleWebKit/537.11 (KHTML, like Gecko) Chrome/23.0.1271.64 Safari/537.11
Accept: text/html,application/xhtml+xml,application/xml;q=0.9,*/*;q=0.8
Accept-Encoding: gzip,deflate,sdch
Accept-Language: en-US,en;q=0.8
Accept-Charset: ISO-8859-1,utf-8;q=0.7,*;q=0.3


I, [2012-11-25T02:25:25.342829 #10928]  INFO -- : Установлено соединение c Без имени #920
I, [2012-11-25T02:25:25.397242 #10928]  INFO -- : HTTP-запрос: GET /favicon.ico HTTP/1.1
Host: localhost:7326
Connection: keep-alive
Accept: */*
User-Agent: Mozilla/5.0 (X11; Linux i686) AppleWebKit/537.11 (KHTML, like Gecko) Chrome/23.0.1271.64 Safari/537.11
Accept-Encoding: gzip,deflate,sdch
Accept-Language: en-US,en;q=0.8
Accept-Charset: ISO-8859-1,utf-8;q=0.7,*;q=0.3


I, [2012-11-25T02:25:28.370573 #10928]  INFO -- : Сообщение от Без имени #920: $help
I, [2012-11-25T02:25:40.875525 #10928]  INFO -- : Соединение c Без имени #920 закрыто
I, [2012-11-25T02:26:11.270436 #10939]  INFO -- : Create Chat (версия 0.1)
I, [2012-11-25T02:26:11.270609 #10939]  INFO -- : WebSockets сервер запущен на 0.0.0.0:7325
I, [2012-11-25T02:26:11.270701 #10939]  INFO -- : HTTP сервер запущен на 0.0.0.0:7326
I, [2012-11-25T02:26:13.871232 #10939]  INFO -- : HTTP-запрос: GET / HTTP/1.1
Host: localhost:7326
Connection: keep-alive
Cache-Control: max-age=0
User-Agent: Mozilla/5.0 (X11; Linux i686) AppleWebKit/537.11 (KHTML, like Gecko) Chrome/23.0.1271.64 Safari/537.11
Accept: text/html,application/xhtml+xml,application/xml;q=0.9,*/*;q=0.8
Accept-Encoding: gzip,deflate,sdch
Accept-Language: en-US,en;q=0.8
Accept-Charset: ISO-8859-1,utf-8;q=0.7,*;q=0.3


I, [2012-11-25T02:26:14.105543 #10939]  INFO -- : Установлено соединение c Без имени #780
I, [2012-11-25T02:26:14.202905 #10939]  INFO -- : HTTP-запрос: GET /favicon.ico HTTP/1.1
Host: localhost:7326
Connection: keep-alive
Accept: */*
User-Agent: Mozilla/5.0 (X11; Linux i686) AppleWebKit/537.11 (KHTML, like Gecko) Chrome/23.0.1271.64 Safari/537.11
Accept-Encoding: gzip,deflate,sdch
Accept-Language: en-US,en;q=0.8
Accept-Charset: ISO-8859-1,utf-8;q=0.7,*;q=0.3


I, [2012-11-25T02:26:17.377892 #10939]  INFO -- : Сообщение от Без имени #780: $help
I, [2012-11-25T02:26:29.779137 #10939]  INFO -- : Соединение c Без имени #780 закрыто
I, [2012-11-25T02:27:13.287991 #10951]  INFO -- : Create Chat (версия 0.1)
I, [2012-11-25T02:27:13.288164 #10951]  INFO -- : WebSockets сервер запущен на 0.0.0.0:7325
I, [2012-11-25T02:27:13.288255 #10951]  INFO -- : HTTP сервер запущен на 0.0.0.0:7326
I, [2012-11-25T02:27:14.625148 #10951]  INFO -- : HTTP-запрос: GET / HTTP/1.1
Host: localhost:7326
Connection: keep-alive
Cache-Control: max-age=0
User-Agent: Mozilla/5.0 (X11; Linux i686) AppleWebKit/537.11 (KHTML, like Gecko) Chrome/23.0.1271.64 Safari/537.11
Accept: text/html,application/xhtml+xml,application/xml;q=0.9,*/*;q=0.8
Accept-Encoding: gzip,deflate,sdch
Accept-Language: en-US,en;q=0.8
Accept-Charset: ISO-8859-1,utf-8;q=0.7,*;q=0.3


I, [2012-11-25T02:27:14.847156 #10951]  INFO -- : Установлено соединение c Без имени #774
I, [2012-11-25T02:27:14.938444 #10951]  INFO -- : HTTP-запрос: GET /favicon.ico HTTP/1.1
Host: localhost:7326
Connection: keep-alive
Accept: */*
User-Agent: Mozilla/5.0 (X11; Linux i686) AppleWebKit/537.11 (KHTML, like Gecko) Chrome/23.0.1271.64 Safari/537.11
Accept-Encoding: gzip,deflate,sdch
Accept-Language: en-US,en;q=0.8
Accept-Charset: ISO-8859-1,utf-8;q=0.7,*;q=0.3


I, [2012-11-25T02:27:16.760450 #10951]  INFO -- : Сообщение от Без имени #774: $help
I, [2012-11-25T02:27:45.008176 #10951]  INFO -- : Соединение c Без имени #774 закрыто
I, [2012-11-25T02:27:45.823029 #10956]  INFO -- : Create Chat (версия 0.1)
I, [2012-11-25T02:27:45.823199 #10956]  INFO -- : WebSockets сервер запущен на 0.0.0.0:7325
I, [2012-11-25T02:27:45.823291 #10956]  INFO -- : HTTP сервер запущен на 0.0.0.0:7326
I, [2012-11-25T02:27:47.559002 #10956]  INFO -- : HTTP-запрос: GET / HTTP/1.1
Host: localhost:7326
Connection: keep-alive
Cache-Control: max-age=0
User-Agent: Mozilla/5.0 (X11; Linux i686) AppleWebKit/537.11 (KHTML, like Gecko) Chrome/23.0.1271.64 Safari/537.11
Accept: text/html,application/xhtml+xml,application/xml;q=0.9,*/*;q=0.8
Accept-Encoding: gzip,deflate,sdch
Accept-Language: en-US,en;q=0.8
Accept-Charset: ISO-8859-1,utf-8;q=0.7,*;q=0.3


I, [2012-11-25T02:27:47.721300 #10956]  INFO -- : Установлено соединение c Без имени #106
I, [2012-11-25T02:27:47.795612 #10956]  INFO -- : HTTP-запрос: GET /favicon.ico HTTP/1.1
Host: localhost:7326
Connection: keep-alive
Accept: */*
User-Agent: Mozilla/5.0 (X11; Linux i686) AppleWebKit/537.11 (KHTML, like Gecko) Chrome/23.0.1271.64 Safari/537.11
Accept-Encoding: gzip,deflate,sdch
Accept-Language: en-US,en;q=0.8
Accept-Charset: ISO-8859-1,utf-8;q=0.7,*;q=0.3


I, [2012-11-25T02:27:50.203026 #10956]  INFO -- : Сообщение от Без имени #106: $ls
I, [2012-11-25T02:27:56.853770 #10956]  INFO -- : HTTP-запрос: GET / HTTP/1.1
Host: localhost:7326
Connection: keep-alive
Cache-Control: max-age=0
User-Agent: Mozilla/5.0 (X11; Linux i686) AppleWebKit/537.11 (KHTML, like Gecko) Chrome/23.0.1271.64 Safari/537.11
Accept: text/html,application/xhtml+xml,application/xml;q=0.9,*/*;q=0.8
Accept-Encoding: gzip,deflate,sdch
Accept-Language: en-US,en;q=0.8
Accept-Charset: ISO-8859-1,utf-8;q=0.7,*;q=0.3


I, [2012-11-25T02:27:57.016660 #10956]  INFO -- : Установлено соединение c Без имени #236
I, [2012-11-25T02:27:57.094446 #10956]  INFO -- : HTTP-запрос: GET /favicon.ico HTTP/1.1
Host: localhost:7326
Connection: keep-alive
Accept: */*
User-Agent: Mozilla/5.0 (X11; Linux i686) AppleWebKit/537.11 (KHTML, like Gecko) Chrome/23.0.1271.64 Safari/537.11
Accept-Encoding: gzip,deflate,sdch
Accept-Language: en-US,en;q=0.8
Accept-Charset: ISO-8859-1,utf-8;q=0.7,*;q=0.3


I, [2012-11-25T02:27:58.533344 #10956]  INFO -- : Сообщение от Без имени #236: $ls
I, [2012-11-25T02:28:00.744324 #10956]  INFO -- : Сообщение от Без имени #236: Привет!
I, [2012-11-25T02:28:14.282652 #10956]  INFO -- : Сообщение от Блабла: $chn Блабла
I, [2012-11-25T02:28:22.637845 #10956]  INFO -- : Сообщение от Блабла: blabla
I, [2012-11-25T02:28:28.327836 #10956]  INFO -- : Сообщение от Без имени #106: $ls
I, [2012-11-25T02:28:35.546867 #10956]  INFO -- : Сообщение от Без имени #106: $help
I, [2012-11-25T02:48:51.891377 #10956]  INFO -- : Соединение c Без имени #106 закрыто
I, [2012-11-25T02:48:51.891891 #10956]  INFO -- : Соединение c Блабла закрыто
I, [2012-11-25T02:48:52.671808 #11336]  INFO -- : Create Chat (версия 0.1)
I, [2012-11-25T02:48:52.671980 #11336]  INFO -- : WebSockets сервер запущен на 0.0.0.0:7325
I, [2012-11-25T02:48:52.672071 #11336]  INFO -- : HTTP сервер запущен на 0.0.0.0:7326
I, [2012-11-25T02:48:54.457573 #11336]  INFO -- : HTTP-запрос: GET / HTTP/1.1
Host: localhost:7326
Connection: keep-alive
Cache-Control: max-age=0
User-Agent: Mozilla/5.0 (X11; Linux i686) AppleWebKit/537.11 (KHTML, like Gecko) Chrome/23.0.1271.64 Safari/537.11
Accept: text/html,application/xhtml+xml,application/xml;q=0.9,*/*;q=0.8
Accept-Encoding: gzip,deflate,sdch
Accept-Language: en-US,en;q=0.8
Accept-Charset: ISO-8859-1,utf-8;q=0.7,*;q=0.3


I, [2012-11-25T02:48:54.707591 #11336]  INFO -- : Установлено соединение c Без имени #120
I, [2012-11-25T02:48:54.762015 #11336]  INFO -- : HTTP-запрос: GET /favicon.ico HTTP/1.1
Host: localhost:7326
Connection: keep-alive
Accept: */*
User-Agent: Mozilla/5.0 (X11; Linux i686) AppleWebKit/537.11 (KHTML, like Gecko) Chrome/23.0.1271.64 Safari/537.11
Accept-Encoding: gzip,deflate,sdch
Accept-Language: en-US,en;q=0.8
Accept-Charset: ISO-8859-1,utf-8;q=0.7,*;q=0.3


I, [2012-11-25T02:48:58.362827 #11336]  INFO -- : Ошибка у Без имени #120: wrong number of arguments(1 for 0)
I, [2012-11-25T02:48:58.367053 #11336]  INFO -- : Соединение c Без имени #120 закрыто
I, [2012-11-25T03:02:52.074656 #11449]  INFO -- : Create Chat (версия 0.1)
I, [2012-11-25T03:02:52.074828 #11449]  INFO -- : WebSockets сервер запущен на 0.0.0.0:7325
I, [2012-11-25T03:02:52.074919 #11449]  INFO -- : HTTP сервер запущен на 0.0.0.0:7326
I, [2012-11-25T03:02:56.899241 #11449]  INFO -- : HTTP-запрос: GET / HTTP/1.1
Host: localhost:7326
Connection: keep-alive
Cache-Control: max-age=0
User-Agent: Mozilla/5.0 (X11; Linux i686) AppleWebKit/537.11 (KHTML, like Gecko) Chrome/23.0.1271.64 Safari/537.11
Accept: text/html,application/xhtml+xml,application/xml;q=0.9,*/*;q=0.8
Accept-Encoding: gzip,deflate,sdch
Accept-Language: en-US,en;q=0.8
Accept-Charset: ISO-8859-1,utf-8;q=0.7,*;q=0.3


I, [2012-11-25T03:02:57.148794 #11449]  INFO -- : Установлено соединение c Без имени #194
I, [2012-11-25T03:02:57.232757 #11449]  INFO -- : HTTP-запрос: GET /favicon.ico HTTP/1.1
Host: localhost:7326
Connection: keep-alive
Accept: */*
User-Agent: Mozilla/5.0 (X11; Linux i686) AppleWebKit/537.11 (KHTML, like Gecko) Chrome/23.0.1271.64 Safari/537.11
Accept-Encoding: gzip,deflate,sdch
Accept-Language: en-US,en;q=0.8
Accept-Charset: ISO-8859-1,utf-8;q=0.7,*;q=0.3


I, [2012-11-25T03:02:59.916236 #11449]  INFO -- : Сообщение от Без имени #194: $help
I, [2012-11-25T03:03:03.946322 #11449]  INFO -- : Сообщение от Без имени #194: $help  
I, [2012-11-25T03:17:17.427477 #11449]  INFO -- : Соединение c Без имени #194 закрыто
I, [2012-11-25T03:17:18.244293 #11615]  INFO -- : Create Chat (версия 0.1)
I, [2012-11-25T03:17:18.244460 #11615]  INFO -- : WebSockets сервер запущен на 0.0.0.0:7325
I, [2012-11-25T03:17:18.244551 #11615]  INFO -- : HTTP сервер запущен на 0.0.0.0:7326
I, [2012-11-25T03:17:20.396433 #11615]  INFO -- : HTTP-запрос: GET / HTTP/1.1
Host: localhost:7326
Connection: keep-alive
Cache-Control: max-age=0
User-Agent: Mozilla/5.0 (X11; Linux i686) AppleWebKit/537.11 (KHTML, like Gecko) Chrome/23.0.1271.64 Safari/537.11
Accept: text/html,application/xhtml+xml,application/xml;q=0.9,*/*;q=0.8
Accept-Encoding: gzip,deflate,sdch
Accept-Language: en-US,en;q=0.8
Accept-Charset: ISO-8859-1,utf-8;q=0.7,*;q=0.3


I, [2012-11-25T03:17:20.773629 #11615]  INFO -- : Установлено соединение c Без имени #173
I, [2012-11-25T03:17:20.895186 #11615]  INFO -- : HTTP-запрос: GET /favicon.ico HTTP/1.1
Host: localhost:7326
Connection: keep-alive
Accept: */*
User-Agent: Mozilla/5.0 (X11; Linux i686) AppleWebKit/537.11 (KHTML, like Gecko) Chrome/23.0.1271.64 Safari/537.11
Accept-Encoding: gzip,deflate,sdch
Accept-Language: en-US,en;q=0.8
Accept-Charset: ISO-8859-1,utf-8;q=0.7,*;q=0.3


I, [2012-11-25T03:17:24.316404 #11615]  INFO -- : HTTP-запрос: GET / HTTP/1.1
Host: localhost:7326
Connection: keep-alive
Cache-Control: max-age=0
User-Agent: Mozilla/5.0 (X11; Linux i686) AppleWebKit/537.11 (KHTML, like Gecko) Chrome/23.0.1271.64 Safari/537.11
Accept: text/html,application/xhtml+xml,application/xml;q=0.9,*/*;q=0.8
Accept-Encoding: gzip,deflate,sdch
Accept-Language: en-US,en;q=0.8
Accept-Charset: ISO-8859-1,utf-8;q=0.7,*;q=0.3


I, [2012-11-25T03:17:24.511747 #11615]  INFO -- : Установлено соединение c Без имени #198
I, [2012-11-25T03:17:24.584193 #11615]  INFO -- : HTTP-запрос: GET /favicon.ico HTTP/1.1
Host: localhost:7326
Connection: keep-alive
Accept: */*
User-Agent: Mozilla/5.0 (X11; Linux i686) AppleWebKit/537.11 (KHTML, like Gecko) Chrome/23.0.1271.64 Safari/537.11
Accept-Encoding: gzip,deflate,sdch
Accept-Language: en-US,en;q=0.8
Accept-Charset: ISO-8859-1,utf-8;q=0.7,*;q=0.3


I, [2012-11-25T03:18:27.833051 #11615]  INFO -- : HTTP-запрос: GET / HTTP/1.1
Host: localhost:7326
Connection: keep-alive
Cache-Control: max-age=0
User-Agent: Mozilla/5.0 (X11; Linux i686) AppleWebKit/537.11 (KHTML, like Gecko) Chrome/23.0.1271.64 Safari/537.11
Accept: text/html,application/xhtml+xml,application/xml;q=0.9,*/*;q=0.8
Accept-Encoding: gzip,deflate,sdch
Accept-Language: en-US,en;q=0.8
Accept-Charset: ISO-8859-1,utf-8;q=0.7,*;q=0.3


I, [2012-11-25T03:18:27.946336 #11615]  INFO -- : Соединение c Без имени #198 закрыто
I, [2012-11-25T03:18:28.104128 #11615]  INFO -- : Установлено соединение c Без имени #360
I, [2012-11-25T03:18:28.165317 #11615]  INFO -- : HTTP-запрос: GET /favicon.ico HTTP/1.1
Host: localhost:7326
Connection: keep-alive
Accept: */*
User-Agent: Mozilla/5.0 (X11; Linux i686) AppleWebKit/537.11 (KHTML, like Gecko) Chrome/23.0.1271.64 Safari/537.11
Accept-Encoding: gzip,deflate,sdch
Accept-Language: en-US,en;q=0.8
Accept-Charset: ISO-8859-1,utf-8;q=0.7,*;q=0.3


I, [2012-11-25T03:18:33.097923 #11615]  INFO -- : Соединение c Без имени #173 закрыто
I, [2012-11-25T03:18:33.098447 #11615]  INFO -- : Соединение c Без имени #360 закрыто
I, [2012-11-25T03:18:33.748268 #11630]  INFO -- : Create Chat (версия 0.1)
I, [2012-11-25T03:18:33.748438 #11630]  INFO -- : WebSockets сервер запущен на 0.0.0.0:7325
I, [2012-11-25T03:18:33.748528 #11630]  INFO -- : HTTP сервер запущен на 0.0.0.0:7326
I, [2012-11-25T03:18:35.928970 #11630]  INFO -- : HTTP-запрос: GET / HTTP/1.1
Host: localhost:7326
Connection: keep-alive
Cache-Control: max-age=0
User-Agent: Mozilla/5.0 (X11; Linux i686) AppleWebKit/537.11 (KHTML, like Gecko) Chrome/23.0.1271.64 Safari/537.11
Accept: text/html,application/xhtml+xml,application/xml;q=0.9,*/*;q=0.8
Accept-Encoding: gzip,deflate,sdch
Accept-Language: en-US,en;q=0.8
Accept-Charset: ISO-8859-1,utf-8;q=0.7,*;q=0.3


I, [2012-11-25T03:18:36.121007 #11630]  INFO -- : Установлено соединение c Без имени #868
I, [2012-11-25T03:18:36.183620 #11630]  INFO -- : HTTP-запрос: GET /favicon.ico HTTP/1.1
Host: localhost:7326
Connection: keep-alive
Accept: */*
User-Agent: Mozilla/5.0 (X11; Linux i686) AppleWebKit/537.11 (KHTML, like Gecko) Chrome/23.0.1271.64 Safari/537.11
Accept-Encoding: gzip,deflate,sdch
Accept-Language: en-US,en;q=0.8
Accept-Charset: ISO-8859-1,utf-8;q=0.7,*;q=0.3


I, [2012-11-25T03:18:42.567825 #11630]  INFO -- : Соединение c Без имени #868 закрыто
I, [2012-11-25T03:18:50.472012 #11636]  INFO -- : Create Chat (версия 0.1)
I, [2012-11-25T03:18:50.472183 #11636]  INFO -- : WebSockets сервер запущен на 0.0.0.0:7325
I, [2012-11-25T03:18:50.472274 #11636]  INFO -- : HTTP сервер запущен на 0.0.0.0:7326
I, [2012-11-25T03:18:51.489700 #11636]  INFO -- : HTTP-запрос: GET / HTTP/1.1
Host: localhost:7326
Connection: keep-alive
Cache-Control: max-age=0
User-Agent: Mozilla/5.0 (X11; Linux i686) AppleWebKit/537.11 (KHTML, like Gecko) Chrome/23.0.1271.64 Safari/537.11
Accept: text/html,application/xhtml+xml,application/xml;q=0.9,*/*;q=0.8
Accept-Encoding: gzip,deflate,sdch
Accept-Language: en-US,en;q=0.8
Accept-Charset: ISO-8859-1,utf-8;q=0.7,*;q=0.3


I, [2012-11-25T03:18:51.661994 #11636]  INFO -- : Установлено соединение c Без имени #391
I, [2012-11-25T03:18:51.724114 #11636]  INFO -- : HTTP-запрос: GET /favicon.ico HTTP/1.1
Host: localhost:7326
Connection: keep-alive
Accept: */*
User-Agent: Mozilla/5.0 (X11; Linux i686) AppleWebKit/537.11 (KHTML, like Gecko) Chrome/23.0.1271.64 Safari/537.11
Accept-Encoding: gzip,deflate,sdch
Accept-Language: en-US,en;q=0.8
Accept-Charset: ISO-8859-1,utf-8;q=0.7,*;q=0.3


I, [2012-11-25T03:18:59.145942 #11636]  INFO -- : Сообщение от Без имени #391: $help
I, [2012-11-25T03:19:10.434209 #11636]  INFO -- : Сообщение от Без имени #391: $srv
I, [2012-11-25T03:19:31.219230 #11636]  INFO -- : Соединение c Без имени #391 закрыто
I, [2012-11-25T03:20:04.435230 #11656]  INFO -- : Create Chat (версия 0.1)
I, [2012-11-25T03:20:04.435408 #11656]  INFO -- : WebSockets сервер запущен на 0.0.0.0:7325
I, [2012-11-25T03:20:04.435500 #11656]  INFO -- : HTTP сервер запущен на 0.0.0.0:7326
I, [2012-11-25T03:20:05.968888 #11656]  INFO -- : HTTP-запрос: GET / HTTP/1.1
Host: localhost:7326
Connection: keep-alive
Cache-Control: max-age=0
User-Agent: Mozilla/5.0 (X11; Linux i686) AppleWebKit/537.11 (KHTML, like Gecko) Chrome/23.0.1271.64 Safari/537.11
Accept: text/html,application/xhtml+xml,application/xml;q=0.9,*/*;q=0.8
Accept-Encoding: gzip,deflate,sdch
Accept-Language: en-US,en;q=0.8
Accept-Charset: ISO-8859-1,utf-8;q=0.7,*;q=0.3


I, [2012-11-25T03:20:06.222250 #11656]  INFO -- : Установлено соединение c Без имени #241
I, [2012-11-25T03:20:06.306410 #11656]  INFO -- : HTTP-запрос: GET /favicon.ico HTTP/1.1
Host: localhost:7326
Connection: keep-alive
Accept: */*
User-Agent: Mozilla/5.0 (X11; Linux i686) AppleWebKit/537.11 (KHTML, like Gecko) Chrome/23.0.1271.64 Safari/537.11
Accept-Encoding: gzip,deflate,sdch
Accept-Language: en-US,en;q=0.8
Accept-Charset: ISO-8859-1,utf-8;q=0.7,*;q=0.3


I, [2012-11-25T03:20:09.566173 #11656]  INFO -- : Сообщение от Без имени #241: $help
I, [2012-11-25T03:20:22.446529 #11656]  INFO -- : Сообщение от Без имени #241: $srv
I, [2012-11-25T03:20:41.569784 #11656]  INFO -- : Соединение c Без имени #241 закрыто
I, [2012-11-25T03:21:49.164955 #11672]  INFO -- : Create Chat (версия 0.1)
I, [2012-11-25T03:21:49.165127 #11672]  INFO -- : WebSockets сервер запущен на 0.0.0.0:7325
I, [2012-11-25T03:21:49.165240 #11672]  INFO -- : HTTP сервер запущен на 0.0.0.0:7326
I, [2012-11-25T03:21:50.917780 #11672]  INFO -- : HTTP-запрос: GET / HTTP/1.1
Host: localhost:7326
Connection: keep-alive
Cache-Control: max-age=0
User-Agent: Mozilla/5.0 (X11; Linux i686) AppleWebKit/537.11 (KHTML, like Gecko) Chrome/23.0.1271.64 Safari/537.11
Accept: text/html,application/xhtml+xml,application/xml;q=0.9,*/*;q=0.8
Accept-Encoding: gzip,deflate,sdch
Accept-Language: en-US,en;q=0.8
Accept-Charset: ISO-8859-1,utf-8;q=0.7,*;q=0.3


I, [2012-11-25T03:21:51.100050 #11672]  INFO -- : Установлено соединение c Без имени #746
I, [2012-11-25T03:21:51.184299 #11672]  INFO -- : HTTP-запрос: GET /favicon.ico HTTP/1.1
Host: localhost:7326
Connection: keep-alive
Accept: */*
User-Agent: Mozilla/5.0 (X11; Linux i686) AppleWebKit/537.11 (KHTML, like Gecko) Chrome/23.0.1271.64 Safari/537.11
Accept-Encoding: gzip,deflate,sdch
Accept-Language: en-US,en;q=0.8
Accept-Charset: ISO-8859-1,utf-8;q=0.7,*;q=0.3


I, [2012-11-25T03:21:54.827692 #11672]  INFO -- : Соединение c Без имени #746 закрыто
I, [2012-11-25T03:22:06.265610 #11677]  INFO -- : Create Chat (версия 0.1)
I, [2012-11-25T03:22:06.265779 #11677]  INFO -- : WebSockets сервер запущен на 0.0.0.0:7325
I, [2012-11-25T03:22:06.265872 #11677]  INFO -- : HTTP сервер запущен на 0.0.0.0:7326
I, [2012-11-25T03:22:07.118619 #11677]  INFO -- : HTTP-запрос: GET / HTTP/1.1
Host: localhost:7326
Connection: keep-alive
Cache-Control: max-age=0
User-Agent: Mozilla/5.0 (X11; Linux i686) AppleWebKit/537.11 (KHTML, like Gecko) Chrome/23.0.1271.64 Safari/537.11
Accept: text/html,application/xhtml+xml,application/xml;q=0.9,*/*;q=0.8
Accept-Encoding: gzip,deflate,sdch
Accept-Language: en-US,en;q=0.8
Accept-Charset: ISO-8859-1,utf-8;q=0.7,*;q=0.3


I, [2012-11-25T03:22:07.365968 #11677]  INFO -- : Установлено соединение c Без имени #635
I, [2012-11-25T03:22:07.462401 #11677]  INFO -- : HTTP-запрос: GET /favicon.ico HTTP/1.1
Host: localhost:7326
Connection: keep-alive
Accept: */*
User-Agent: Mozilla/5.0 (X11; Linux i686) AppleWebKit/537.11 (KHTML, like Gecko) Chrome/23.0.1271.64 Safari/537.11
Accept-Encoding: gzip,deflate,sdch
Accept-Language: en-US,en;q=0.8
Accept-Charset: ISO-8859-1,utf-8;q=0.7,*;q=0.3


I, [2012-11-25T03:22:41.546810 #11677]  INFO -- : Сообщение от Без имени #635: $help
I, [2012-11-25T03:22:44.727035 #11677]  INFO -- : Сообщение от Без имени #635: $srv
I, [2012-11-25T03:22:51.003165 #11677]  INFO -- : Сообщение от Без имени #635: $ls
I, [2012-11-25T03:22:56.021579 #11677]  INFO -- : Сообщение от Без имени #635: $chn
I, [2012-11-25T03:23:14.596664 #11677]  INFO -- : HTTP-запрос: GET / HTTP/1.1
Host: localhost:7326
Connection: keep-alive
Cache-Control: max-age=0
User-Agent: Mozilla/5.0 (X11; Linux i686) AppleWebKit/537.11 (KHTML, like Gecko) Chrome/23.0.1271.64 Safari/537.11
Accept: text/html,application/xhtml+xml,application/xml;q=0.9,*/*;q=0.8
Accept-Encoding: gzip,deflate,sdch
Accept-Language: en-US,en;q=0.8
Accept-Charset: ISO-8859-1,utf-8;q=0.7,*;q=0.3


I, [2012-11-25T03:23:14.785811 #11677]  INFO -- : Соединение c Без имени #635 закрыто
I, [2012-11-25T03:23:14.938151 #11677]  INFO -- : Установлено соединение c Без имени #650
I, [2012-11-25T03:23:15.101364 #11677]  INFO -- : HTTP-запрос: GET /favicon.ico HTTP/1.1
Host: localhost:7326
Connection: keep-alive
Accept: */*
User-Agent: Mozilla/5.0 (X11; Linux i686) AppleWebKit/537.11 (KHTML, like Gecko) Chrome/23.0.1271.64 Safari/537.11
Accept-Encoding: gzip,deflate,sdch
Accept-Language: en-US,en;q=0.8
Accept-Charset: ISO-8859-1,utf-8;q=0.7,*;q=0.3


I, [2012-11-25T03:23:16.322582 #11677]  INFO -- : HTTP-запрос: GET / HTTP/1.1
Host: localhost:7326
Connection: keep-alive
Cache-Control: no-cache
Pragma: no-cache
User-Agent: Mozilla/5.0 (X11; Linux i686) AppleWebKit/537.11 (KHTML, like Gecko) Chrome/23.0.1271.64 Safari/537.11
Accept: text/html,application/xhtml+xml,application/xml;q=0.9,*/*;q=0.8
Accept-Encoding: gzip,deflate,sdch
Accept-Language: en-US,en;q=0.8
Accept-Charset: ISO-8859-1,utf-8;q=0.7,*;q=0.3


I, [2012-11-25T03:23:16.540449 #11677]  INFO -- : Соединение c Без имени #650 закрыто
I, [2012-11-25T03:23:16.854020 #11677]  INFO -- : Установлено соединение c Без имени #305
I, [2012-11-25T03:23:16.924652 #11677]  INFO -- : HTTP-запрос: GET /favicon.ico HTTP/1.1
Host: localhost:7326
Connection: keep-alive
Accept: */*
User-Agent: Mozilla/5.0 (X11; Linux i686) AppleWebKit/537.11 (KHTML, like Gecko) Chrome/23.0.1271.64 Safari/537.11
Accept-Encoding: gzip,deflate,sdch
Accept-Language: en-US,en;q=0.8
Accept-Charset: ISO-8859-1,utf-8;q=0.7,*;q=0.3


I, [2012-11-25T03:23:18.710457 #11677]  INFO -- : Сообщение от Без имени #305: sdc
I, [2012-11-25T03:23:24.347308 #11677]  INFO -- : Соединение c Без имени #305 закрыто
I, [2012-11-25T03:23:55.257339 #11710]  INFO -- : Create Chat (версия 0.1)
I, [2012-11-25T03:23:55.257554 #11710]  INFO -- : WebSockets сервер запущен на 0.0.0.0:7325
I, [2012-11-25T03:23:55.257670 #11710]  INFO -- : HTTP сервер запущен на 0.0.0.0:7326
I, [2012-11-25T03:23:58.809844 #11710]  INFO -- : HTTP-запрос: GET / HTTP/1.1
Host: localhost:7326
Connection: keep-alive
Cache-Control: max-age=0
Pragma: no-cache
User-Agent: Mozilla/5.0 (X11; Linux i686) AppleWebKit/537.11 (KHTML, like Gecko) Chrome/23.0.1271.64 Safari/537.11
Accept: text/html,application/xhtml+xml,application/xml;q=0.9,*/*;q=0.8
Accept-Encoding: gzip,deflate,sdch
Accept-Language: en-US,en;q=0.8
Accept-Charset: ISO-8859-1,utf-8;q=0.7,*;q=0.3


I, [2012-11-25T03:23:59.176874 #11710]  INFO -- : Установлено соединение c Без имени #847
I, [2012-11-25T03:23:59.309548 #11710]  INFO -- : HTTP-запрос: GET /favicon.ico HTTP/1.1
Host: localhost:7326
Connection: keep-alive
Accept: */*
User-Agent: Mozilla/5.0 (X11; Linux i686) AppleWebKit/537.11 (KHTML, like Gecko) Chrome/23.0.1271.64 Safari/537.11
Accept-Encoding: gzip,deflate,sdch
Accept-Language: en-US,en;q=0.8
Accept-Charset: ISO-8859-1,utf-8;q=0.7,*;q=0.3


I, [2012-11-25T03:24:04.616936 #11710]  INFO -- : HTTP-запрос: GET / HTTP/1.1
Host: localhost:7326
Connection: keep-alive
Cache-Control: max-age=0
User-Agent: Mozilla/5.0 (X11; Linux i686) AppleWebKit/537.11 (KHTML, like Gecko) Chrome/23.0.1271.64 Safari/537.11
Accept: text/html,application/xhtml+xml,application/xml;q=0.9,*/*;q=0.8
Accept-Encoding: gzip,deflate,sdch
Accept-Language: en-US,en;q=0.8
Accept-Charset: ISO-8859-1,utf-8;q=0.7,*;q=0.3


I, [2012-11-25T03:24:04.868251 #11710]  INFO -- : Установлено соединение c Без имени #771
I, [2012-11-25T03:24:04.970508 #11710]  INFO -- : HTTP-запрос: GET /favicon.ico HTTP/1.1
Host: localhost:7326
Connection: keep-alive
Accept: */*
User-Agent: Mozilla/5.0 (X11; Linux i686) AppleWebKit/537.11 (KHTML, like Gecko) Chrome/23.0.1271.64 Safari/537.11
Accept-Encoding: gzip,deflate,sdch
Accept-Language: en-US,en;q=0.8
Accept-Charset: ISO-8859-1,utf-8;q=0.7,*;q=0.3


I, [2012-11-25T03:24:07.058814 #11710]  INFO -- : Сообщение от Без имени #771: dcsdcsdc
I, [2012-11-25T03:24:09.171463 #11710]  INFO -- : Сообщение от Без имени #771: $chn
I, [2012-11-25T03:24:14.880913 #11710]  INFO -- : Сообщение от   : $chn   
I, [2012-11-25T03:24:24.189104 #11710]  INFO -- : Сообщение от sdcsdsdc: $chn sdcsdsdc
I, [2012-11-25T03:24:27.067563 #11710]  INFO -- : Сообщение от sdcsdsdc: dscsd
I, [2012-11-25T03:24:27.966520 #11710]  INFO -- : Сообщение от sdcsdsdc: sdc
I, [2012-11-25T03:24:28.207012 #11710]  INFO -- : Сообщение от sdcsdsdc: dsc
I, [2012-11-25T03:24:28.370349 #11710]  INFO -- : Сообщение от sdcsdsdc: ds
I, [2012-11-25T03:24:28.540602 #11710]  INFO -- : Сообщение от sdcsdsdc: c
I, [2012-11-25T03:24:28.729151 #11710]  INFO -- : Сообщение от sdcsdsdc: sc
I, [2012-11-25T03:24:28.919777 #11710]  INFO -- : Сообщение от sdcsdsdc: sc
I, [2012-11-25T03:24:29.086582 #11710]  INFO -- : Сообщение от sdcsdsdc: s
I, [2012-11-25T03:24:29.306706 #11710]  INFO -- : Сообщение от sdcsdsdc: c
I, [2012-11-25T03:24:29.522166 #11710]  INFO -- : Сообщение от sdcsdsdc: sc
I, [2012-11-25T03:24:29.736719 #11710]  INFO -- : Сообщение от sdcsdsdc: sc
I, [2012-11-25T03:24:29.901935 #11710]  INFO -- : Сообщение от sdcsdsdc: s
I, [2012-11-25T03:24:30.094539 #11710]  INFO -- : Сообщение от sdcsdsdc: c
I, [2012-11-25T03:24:30.339969 #11710]  INFO -- : Сообщение от sdcsdsdc: dsc
I, [2012-11-25T03:24:30.574552 #11710]  INFO -- : Сообщение от sdcsdsdc: dsc
I, [2012-11-25T03:24:30.805840 #11710]  INFO -- : Сообщение от sdcsdsdc: s
I, [2012-11-25T03:24:31.089956 #11710]  INFO -- : Сообщение от sdcsdsdc: cds
I, [2012-11-25T03:24:31.351316 #11710]  INFO -- : Сообщение от sdcsdsdc: csd
I, [2012-11-25T03:24:31.601636 #11710]  INFO -- : Сообщение от sdcsdsdc: cs
I, [2012-11-25T03:24:31.834911 #11710]  INFO -- : Сообщение от sdcsdsdc: dc
I, [2012-11-25T03:24:32.104591 #11710]  INFO -- : Сообщение от sdcsdsdc: dsc
I, [2012-11-25T03:24:32.503793 #11710]  INFO -- : Сообщение от sdcsdsdc: 
I, [2012-11-25T03:25:06.426424 #11710]  INFO -- : Соединение c Без имени #847 закрыто
I, [2012-11-25T03:25:06.426936 #11710]  INFO -- : Соединение c sdcsdsdc закрыто
I, [2012-11-25T03:25:07.479131 #11729]  INFO -- : Create Chat (версия 0.1)
I, [2012-11-25T03:25:07.479298 #11729]  INFO -- : WebSockets сервер запущен на 0.0.0.0:7325
I, [2012-11-25T03:25:07.479390 #11729]  INFO -- : HTTP сервер запущен на 0.0.0.0:7326
I, [2012-11-25T03:25:08.745162 #11729]  INFO -- : HTTP-запрос: GET / HTTP/1.1
Host: localhost:7326
Connection: keep-alive
Cache-Control: max-age=0
Pragma: no-cache
User-Agent: Mozilla/5.0 (X11; Linux i686) AppleWebKit/537.11 (KHTML, like Gecko) Chrome/23.0.1271.64 Safari/537.11
Accept: text/html,application/xhtml+xml,application/xml;q=0.9,*/*;q=0.8
Accept-Encoding: gzip,deflate,sdch
Accept-Language: en-US,en;q=0.8
Accept-Charset: ISO-8859-1,utf-8;q=0.7,*;q=0.3


I, [2012-11-25T03:25:09.086353 #11729]  INFO -- : Установлено соединение c Без имени #422
I, [2012-11-25T03:25:09.246225 #11729]  INFO -- : HTTP-запрос: GET /favicon.ico HTTP/1.1
Host: localhost:7326
Connection: keep-alive
Accept: */*
User-Agent: Mozilla/5.0 (X11; Linux i686) AppleWebKit/537.11 (KHTML, like Gecko) Chrome/23.0.1271.64 Safari/537.11
Accept-Encoding: gzip,deflate,sdch
Accept-Language: en-US,en;q=0.8
Accept-Charset: ISO-8859-1,utf-8;q=0.7,*;q=0.3


I, [2012-11-25T03:25:10.731019 #11729]  INFO -- : Сообщение от Без имени #422: dscsdc
I, [2012-11-25T03:25:18.012095 #11729]  INFO -- : Соединение c Без имени #422 закрыто
I, [2012-11-25T03:25:38.180582 #11738]  INFO -- : Create Chat (версия 0.1)
I, [2012-11-25T03:25:38.180753 #11738]  INFO -- : WebSockets сервер запущен на 0.0.0.0:7325
I, [2012-11-25T03:25:38.180845 #11738]  INFO -- : HTTP сервер запущен на 0.0.0.0:7326
I, [2012-11-25T03:25:39.914425 #11738]  INFO -- : HTTP-запрос: GET / HTTP/1.1
Host: localhost:7326
Connection: keep-alive
Cache-Control: max-age=0
Pragma: no-cache
User-Agent: Mozilla/5.0 (X11; Linux i686) AppleWebKit/537.11 (KHTML, like Gecko) Chrome/23.0.1271.64 Safari/537.11
Accept: text/html,application/xhtml+xml,application/xml;q=0.9,*/*;q=0.8
Accept-Encoding: gzip,deflate,sdch
Accept-Language: en-US,en;q=0.8
Accept-Charset: ISO-8859-1,utf-8;q=0.7,*;q=0.3


I, [2012-11-25T03:25:40.312252 #11738]  INFO -- : Установлено соединение c Без имени #559
I, [2012-11-25T03:25:40.395858 #11738]  INFO -- : HTTP-запрос: GET /favicon.ico HTTP/1.1
Host: localhost:7326
Connection: keep-alive
Accept: */*
User-Agent: Mozilla/5.0 (X11; Linux i686) AppleWebKit/537.11 (KHTML, like Gecko) Chrome/23.0.1271.64 Safari/537.11
Accept-Encoding: gzip,deflate,sdch
Accept-Language: en-US,en;q=0.8
Accept-Charset: ISO-8859-1,utf-8;q=0.7,*;q=0.3


I, [2012-11-25T03:27:02.590154 #11738]  INFO -- : Соединение c Без имени #559 закрыто
I, [2012-11-25T03:27:16.782374 #11748]  INFO -- : Create Chat (версия 0.1)
I, [2012-11-25T03:27:16.782544 #11748]  INFO -- : WebSockets сервер запущен на 0.0.0.0:7325
I, [2012-11-25T03:27:16.782636 #11748]  INFO -- : HTTP сервер запущен на 0.0.0.0:7326
I, [2012-11-25T03:27:20.828243 #11748]  INFO -- : HTTP-запрос: GET / HTTP/1.1
Host: localhost:7326
Connection: keep-alive
Cache-Control: max-age=0
User-Agent: Mozilla/5.0 (X11; Linux i686) AppleWebKit/537.11 (KHTML, like Gecko) Chrome/23.0.1271.64 Safari/537.11
Accept: text/html,application/xhtml+xml,application/xml;q=0.9,*/*;q=0.8
Accept-Encoding: gzip,deflate,sdch
Accept-Language: en-US,en;q=0.8
Accept-Charset: ISO-8859-1,utf-8;q=0.7,*;q=0.3


I, [2012-11-25T03:27:21.074873 #11748]  INFO -- : Установлено соединение c Без имени #923
I, [2012-11-25T03:27:21.175092 #11748]  INFO -- : HTTP-запрос: GET /favicon.ico HTTP/1.1
Host: localhost:7326
Connection: keep-alive
Accept: */*
User-Agent: Mozilla/5.0 (X11; Linux i686) AppleWebKit/537.11 (KHTML, like Gecko) Chrome/23.0.1271.64 Safari/537.11
Accept-Encoding: gzip,deflate,sdch
Accept-Language: en-US,en;q=0.8
Accept-Charset: ISO-8859-1,utf-8;q=0.7,*;q=0.3


I, [2012-11-25T03:27:27.918318 #11748]  INFO -- : Соединение c Без имени #923 закрыто
I, [2012-11-25T03:27:33.598448 #11753]  INFO -- : Create Chat (версия 0.1)
I, [2012-11-25T03:27:33.598617 #11753]  INFO -- : WebSockets сервер запущен на 0.0.0.0:7325
I, [2012-11-25T03:27:33.598709 #11753]  INFO -- : HTTP сервер запущен на 0.0.0.0:7326
I, [2012-11-25T03:27:36.082243 #11753]  INFO -- : HTTP-запрос: GET / HTTP/1.1
Host: localhost:7326
Connection: keep-alive
Cache-Control: max-age=0
User-Agent: Mozilla/5.0 (X11; Linux i686) AppleWebKit/537.11 (KHTML, like Gecko) Chrome/23.0.1271.64 Safari/537.11
Accept: text/html,application/xhtml+xml,application/xml;q=0.9,*/*;q=0.8
Accept-Encoding: gzip,deflate,sdch
Accept-Language: en-US,en;q=0.8
Accept-Charset: ISO-8859-1,utf-8;q=0.7,*;q=0.3


I, [2012-11-25T03:27:36.253371 #11753]  INFO -- : Установлено соединение c Без имени #205
I, [2012-11-25T03:27:36.333990 #11753]  INFO -- : HTTP-запрос: GET /favicon.ico HTTP/1.1
Host: localhost:7326
Connection: keep-alive
Accept: */*
User-Agent: Mozilla/5.0 (X11; Linux i686) AppleWebKit/537.11 (KHTML, like Gecko) Chrome/23.0.1271.64 Safari/537.11
Accept-Encoding: gzip,deflate,sdch
Accept-Language: en-US,en;q=0.8
Accept-Charset: ISO-8859-1,utf-8;q=0.7,*;q=0.3


I, [2012-11-25T03:27:37.417650 #11753]  INFO -- : HTTP-запрос: GET / HTTP/1.1
Host: localhost:7326
Connection: keep-alive
Cache-Control: max-age=0
User-Agent: Mozilla/5.0 (X11; Linux i686) AppleWebKit/537.11 (KHTML, like Gecko) Chrome/23.0.1271.64 Safari/537.11
Accept: text/html,application/xhtml+xml,application/xml;q=0.9,*/*;q=0.8
Accept-Encoding: gzip,deflate,sdch
Accept-Language: en-US,en;q=0.8
Accept-Charset: ISO-8859-1,utf-8;q=0.7,*;q=0.3


I, [2012-11-25T03:27:37.474633 #11753]  INFO -- : Соединение c Без имени #205 закрыто
I, [2012-11-25T03:27:37.598935 #11753]  INFO -- : Установлено соединение c Без имени #260
I, [2012-11-25T03:27:37.669946 #11753]  INFO -- : HTTP-запрос: GET /favicon.ico HTTP/1.1
Host: localhost:7326
Connection: keep-alive
Accept: */*
User-Agent: Mozilla/5.0 (X11; Linux i686) AppleWebKit/537.11 (KHTML, like Gecko) Chrome/23.0.1271.64 Safari/537.11
Accept-Encoding: gzip,deflate,sdch
Accept-Language: en-US,en;q=0.8
Accept-Charset: ISO-8859-1,utf-8;q=0.7,*;q=0.3


I, [2012-11-25T03:27:43.021994 #11753]  INFO -- : Сообщение от Без имени #260: $srv
I, [2012-11-25T03:27:50.666191 #11753]  INFO -- : Сообщение от Без имени #260: $srv
I, [2012-11-25T03:27:54.994667 #11753]  INFO -- : Сообщение от Без имени #260: $help
I, [2012-11-25T03:28:06.133983 #11753]  INFO -- : Соединение c Без имени #260 закрыто
I, [2012-11-25T03:31:39.842119 #11792]  INFO -- : Create Chat (версия 0.1)
I, [2012-11-25T03:31:39.842291 #11792]  INFO -- : WebSockets сервер запущен на 0.0.0.0:7325
I, [2012-11-25T03:31:39.842385 #11792]  INFO -- : HTTP сервер запущен на 0.0.0.0:7326
I, [2012-11-25T03:31:41.931686 #11792]  INFO -- : HTTP-запрос: GET / HTTP/1.1
Host: localhost:7326
Connection: keep-alive
Cache-Control: max-age=0
User-Agent: Mozilla/5.0 (X11; Linux i686) AppleWebKit/537.11 (KHTML, like Gecko) Chrome/23.0.1271.64 Safari/537.11
Accept: text/html,application/xhtml+xml,application/xml;q=0.9,*/*;q=0.8
Accept-Encoding: gzip,deflate,sdch
Accept-Language: en-US,en;q=0.8
Accept-Charset: ISO-8859-1,utf-8;q=0.7,*;q=0.3


I, [2012-11-25T03:31:42.193232 #11792]  INFO -- : Установлено соединение c Без имени #390
I, [2012-11-25T03:31:42.249685 #11792]  INFO -- : HTTP-запрос: GET /favicon.ico HTTP/1.1
Host: localhost:7326
Connection: keep-alive
Accept: */*
User-Agent: Mozilla/5.0 (X11; Linux i686) AppleWebKit/537.11 (KHTML, like Gecko) Chrome/23.0.1271.64 Safari/537.11
Accept-Encoding: gzip,deflate,sdch
Accept-Language: en-US,en;q=0.8
Accept-Charset: ISO-8859-1,utf-8;q=0.7,*;q=0.3


I, [2012-11-25T03:31:50.614835 #11792]  INFO -- : Соединение c Без имени #390 закрыто
I, [2012-11-25T03:31:59.882238 #11810]  INFO -- : Create Chat (версия 0.1)
I, [2012-11-25T03:31:59.882407 #11810]  INFO -- : WebSockets сервер запущен на 0.0.0.0:7325
I, [2012-11-25T03:31:59.882498 #11810]  INFO -- : HTTP сервер запущен на 0.0.0.0:7326
I, [2012-11-25T03:32:01.107349 #11810]  INFO -- : HTTP-запрос: GET / HTTP/1.1
Host: localhost:7326
Connection: keep-alive
Cache-Control: max-age=0
User-Agent: Mozilla/5.0 (X11; Linux i686) AppleWebKit/537.11 (KHTML, like Gecko) Chrome/23.0.1271.64 Safari/537.11
Accept: text/html,application/xhtml+xml,application/xml;q=0.9,*/*;q=0.8
Accept-Encoding: gzip,deflate,sdch
Accept-Language: en-US,en;q=0.8
Accept-Charset: ISO-8859-1,utf-8;q=0.7,*;q=0.3


I, [2012-11-25T03:32:01.288586 #11810]  INFO -- : Установлено соединение c Без имени #967
I, [2012-11-25T03:32:01.356461 #11810]  INFO -- : HTTP-запрос: GET /favicon.ico HTTP/1.1
Host: localhost:7326
Connection: keep-alive
Accept: */*
User-Agent: Mozilla/5.0 (X11; Linux i686) AppleWebKit/537.11 (KHTML, like Gecko) Chrome/23.0.1271.64 Safari/537.11
Accept-Encoding: gzip,deflate,sdch
Accept-Language: en-US,en;q=0.8
Accept-Charset: ISO-8859-1,utf-8;q=0.7,*;q=0.3


I, [2012-11-25T03:32:02.439775 #11810]  INFO -- : Сообщение от Без имени #967: fdv
I, [2012-11-25T03:32:08.324747 #11810]  INFO -- : Сообщение от Без имени #967: dfvdfvfdv
I, [2012-11-25T03:32:13.864978 #11810]  INFO -- : Сообщение от Без имени #967: dfvdfv
I, [2012-11-25T03:32:14.202384 #11810]  INFO -- : Сообщение от Без имени #967: df
I, [2012-11-25T03:32:14.403438 #11810]  INFO -- : Сообщение от Без имени #967: v
I, [2012-11-25T03:32:14.815211 #11810]  INFO -- : Сообщение от Без имени #967: dfvd
I, [2012-11-25T03:32:15.730886 #11810]  INFO -- : Сообщение от Без имени #967: fvdfvfdvdv
I, [2012-11-25T03:32:16.088532 #11810]  INFO -- : Сообщение от Без имени #967: d
I, [2012-11-25T03:32:16.606792 #11810]  INFO -- : Сообщение от Без имени #967: fvdfv
I, [2012-11-25T03:32:16.902849 #11810]  INFO -- : Сообщение от Без имени #967: dfv
I, [2012-11-25T03:32:17.148050 #11810]  INFO -- : Сообщение от Без имени #967: df
I, [2012-11-25T03:32:17.384029 #11810]  INFO -- : Сообщение от Без имени #967: vdf
I, [2012-11-25T03:32:17.602988 #11810]  INFO -- : Сообщение от Без имени #967: v
I, [2012-11-25T03:32:18.350059 #11810]  INFO -- : Сообщение от Без имени #967: dfvdfvfdv
I, [2012-11-25T03:32:19.148555 #11810]  INFO -- : Сообщение от Без имени #967: dfvdfv
I, [2012-11-25T03:32:20.019665 #11810]  INFO -- : Сообщение от Без имени #967: dfvdfv
I, [2012-11-25T03:33:32.272099 #11810]  INFO -- : Соединение c Без имени #967 закрыто
I, [2012-11-25T03:33:32.965893 #11817]  INFO -- : Create Chat (версия 0.1)
I, [2012-11-25T03:33:32.966062 #11817]  INFO -- : WebSockets сервер запущен на 0.0.0.0:7325
I, [2012-11-25T03:33:32.966152 #11817]  INFO -- : HTTP сервер запущен на 0.0.0.0:7326
I, [2012-11-25T03:33:37.050268 #11817]  INFO -- : HTTP-запрос: GET / HTTP/1.1
Host: localhost:7326
Connection: keep-alive
Cache-Control: max-age=0
User-Agent: Mozilla/5.0 (X11; Linux i686) AppleWebKit/537.11 (KHTML, like Gecko) Chrome/23.0.1271.64 Safari/537.11
Accept: text/html,application/xhtml+xml,application/xml;q=0.9,*/*;q=0.8
Accept-Encoding: gzip,deflate,sdch
Accept-Language: en-US,en;q=0.8
Accept-Charset: ISO-8859-1,utf-8;q=0.7,*;q=0.3


I, [2012-11-25T03:33:37.333226 #11817]  INFO -- : Установлено соединение c Без имени #781
I, [2012-11-25T03:33:37.372918 #11817]  INFO -- : HTTP-запрос: GET /favicon.ico HTTP/1.1
Host: localhost:7326
Connection: keep-alive
Accept: */*
User-Agent: Mozilla/5.0 (X11; Linux i686) AppleWebKit/537.11 (KHTML, like Gecko) Chrome/23.0.1271.64 Safari/537.11
Accept-Encoding: gzip,deflate,sdch
Accept-Language: en-US,en;q=0.8
Accept-Charset: ISO-8859-1,utf-8;q=0.7,*;q=0.3


I, [2012-11-25T03:33:49.129392 #11817]  INFO -- : Соединение c Без имени #781 закрыто
I, [2012-11-25T03:33:49.688481 #11820]  INFO -- : Create Chat (версия 0.1)
I, [2012-11-25T03:33:49.688649 #11820]  INFO -- : WebSockets сервер запущен на 0.0.0.0:7325
I, [2012-11-25T03:33:49.688741 #11820]  INFO -- : HTTP сервер запущен на 0.0.0.0:7326
I, [2012-11-25T03:33:55.058252 #11820]  INFO -- : HTTP-запрос: GET / HTTP/1.1
Host: localhost:7326
Connection: keep-alive
Cache-Control: max-age=0
User-Agent: Mozilla/5.0 (X11; Linux i686) AppleWebKit/537.11 (KHTML, like Gecko) Chrome/23.0.1271.64 Safari/537.11
Accept: text/html,application/xhtml+xml,application/xml;q=0.9,*/*;q=0.8
Accept-Encoding: gzip,deflate,sdch
Accept-Language: en-US,en;q=0.8
Accept-Charset: ISO-8859-1,utf-8;q=0.7,*;q=0.3


I, [2012-11-25T03:33:55.234490 #11820]  INFO -- : Установлено соединение c Без имени #106
I, [2012-11-25T03:33:55.284213 #11820]  INFO -- : HTTP-запрос: GET /favicon.ico HTTP/1.1
Host: localhost:7326
Connection: keep-alive
Accept: */*
User-Agent: Mozilla/5.0 (X11; Linux i686) AppleWebKit/537.11 (KHTML, like Gecko) Chrome/23.0.1271.64 Safari/537.11
Accept-Encoding: gzip,deflate,sdch
Accept-Language: en-US,en;q=0.8
Accept-Charset: ISO-8859-1,utf-8;q=0.7,*;q=0.3


I, [2012-11-25T03:33:56.787405 #11820]  INFO -- : Сообщение от Без имени #106: fdvdfv
I, [2012-11-25T03:33:58.360019 #11820]  INFO -- : Сообщение от Без имени #106: dfv
I, [2012-11-25T03:34:31.628292 #11820]  INFO -- : HTTP-запрос: GET / HTTP/1.1
Host: localhost:7326
Connection: keep-alive
Cache-Control: max-age=0
User-Agent: Mozilla/5.0 (X11; Linux i686) AppleWebKit/537.11 (KHTML, like Gecko) Chrome/23.0.1271.64 Safari/537.11
Accept: text/html,application/xhtml+xml,application/xml;q=0.9,*/*;q=0.8
Accept-Encoding: gzip,deflate,sdch
Accept-Language: en-US,en;q=0.8
Accept-Charset: ISO-8859-1,utf-8;q=0.7,*;q=0.3


I, [2012-11-25T03:34:31.819597 #11820]  INFO -- : Соединение c Без имени #106 закрыто
I, [2012-11-25T03:34:31.997053 #11820]  INFO -- : Установлено соединение c Без имени #257
I, [2012-11-25T03:34:32.132974 #11820]  INFO -- : HTTP-запрос: GET /favicon.ico HTTP/1.1
Host: localhost:7326
Connection: keep-alive
Accept: */*
User-Agent: Mozilla/5.0 (X11; Linux i686) AppleWebKit/537.11 (KHTML, like Gecko) Chrome/23.0.1271.64 Safari/537.11
Accept-Encoding: gzip,deflate,sdch
Accept-Language: en-US,en;q=0.8
Accept-Charset: ISO-8859-1,utf-8;q=0.7,*;q=0.3


I, [2012-11-25T03:34:37.526102 #11820]  INFO -- : Сообщение от Без имени #257: sdc
I, [2012-11-25T03:34:38.219632 #11820]  INFO -- : Сообщение от Без имени #257: sdc
I, [2012-11-25T03:34:38.744577 #11820]  INFO -- : Сообщение от Без имени #257: sdc
I, [2012-11-25T03:34:39.163030 #11820]  INFO -- : Сообщение от Без имени #257: sdc
I, [2012-11-25T03:34:39.483841 #11820]  INFO -- : Сообщение от Без имени #257: sdc
I, [2012-11-25T03:34:39.788130 #11820]  INFO -- : Сообщение от Без имени #257: sdc
I, [2012-11-25T03:34:40.095262 #11820]  INFO -- : Сообщение от Без имени #257: sdc
I, [2012-11-25T03:34:40.411223 #11820]  INFO -- : Сообщение от Без имени #257: sdc
I, [2012-11-25T03:34:40.776738 #11820]  INFO -- : Сообщение от Без имени #257: dscsd
I, [2012-11-25T03:34:41.090555 #11820]  INFO -- : Сообщение от Без имени #257: c
I, [2012-11-25T03:34:41.413732 #11820]  INFO -- : Сообщение от Без имени #257: sdc
I, [2012-11-25T03:34:41.694304 #11820]  INFO -- : Сообщение от Без имени #257: sdc
I, [2012-11-25T03:34:41.967340 #11820]  INFO -- : Сообщение от Без имени #257: sd
I, [2012-11-25T03:34:42.242544 #11820]  INFO -- : Сообщение от Без имени #257: csd
I, [2012-11-25T03:34:42.487186 #11820]  INFO -- : Сообщение от Без имени #257: csd
I, [2012-11-25T03:34:42.791032 #11820]  INFO -- : Сообщение от Без имени #257: cds
I, [2012-11-25T03:34:43.049028 #11820]  INFO -- : Сообщение от Без имени #257: c
I, [2012-11-25T03:35:13.846031 #11820]  INFO -- : Соединение c Без имени #257 закрыто
I, [2012-11-25T03:35:14.367087 #11848]  INFO -- : Create Chat (версия 0.1)
I, [2012-11-25T03:35:14.367267 #11848]  INFO -- : WebSockets сервер запущен на 0.0.0.0:7325
I, [2012-11-25T03:35:14.367359 #11848]  INFO -- : HTTP сервер запущен на 0.0.0.0:7326
I, [2012-11-25T03:35:15.651169 #11848]  INFO -- : HTTP-запрос: GET / HTTP/1.1
Host: localhost:7326
Connection: keep-alive
Cache-Control: max-age=0
User-Agent: Mozilla/5.0 (X11; Linux i686) AppleWebKit/537.11 (KHTML, like Gecko) Chrome/23.0.1271.64 Safari/537.11
Accept: text/html,application/xhtml+xml,application/xml;q=0.9,*/*;q=0.8
Accept-Encoding: gzip,deflate,sdch
Accept-Language: en-US,en;q=0.8
Accept-Charset: ISO-8859-1,utf-8;q=0.7,*;q=0.3


I, [2012-11-25T03:35:16.018259 #11848]  INFO -- : Установлено соединение c Без имени #297
I, [2012-11-25T03:35:23.809781 #11848]  INFO -- : HTTP-запрос: GET /favicon.ico HTTP/1.1
Host: localhost:7326
Connection: keep-alive
Accept: */*
User-Agent: Mozilla/5.0 (X11; Linux i686) AppleWebKit/537.11 (KHTML, like Gecko) Chrome/23.0.1271.64 Safari/537.11
Accept-Encoding: gzip,deflate,sdch
Accept-Language: en-US,en;q=0.8
Accept-Charset: ISO-8859-1,utf-8;q=0.7,*;q=0.3


I, [2012-11-25T03:35:26.276486 #11848]  INFO -- : Сообщение от Без имени #297: f
I, [2012-11-25T03:35:33.406265 #11848]  INFO -- : Соединение c Без имени #297 закрыто
I, [2012-11-25T03:36:12.877866 #11853]  INFO -- : Create Chat (версия 0.1)
I, [2012-11-25T03:36:12.878038 #11853]  INFO -- : WebSockets сервер запущен на 0.0.0.0:7325
I, [2012-11-25T03:36:12.878130 #11853]  INFO -- : HTTP сервер запущен на 0.0.0.0:7326
I, [2012-11-25T03:36:13.955971 #11853]  INFO -- : HTTP-запрос: GET / HTTP/1.1
Host: localhost:7326
Connection: keep-alive
Cache-Control: max-age=0
Pragma: no-cache
User-Agent: Mozilla/5.0 (X11; Linux i686) AppleWebKit/537.11 (KHTML, like Gecko) Chrome/23.0.1271.64 Safari/537.11
Accept: text/html,application/xhtml+xml,application/xml;q=0.9,*/*;q=0.8
Accept-Encoding: gzip,deflate,sdch
Accept-Language: en-US,en;q=0.8
Accept-Charset: ISO-8859-1,utf-8;q=0.7,*;q=0.3


I, [2012-11-25T03:36:14.295355 #11853]  INFO -- : Установлено соединение c Без имени #351
I, [2012-11-25T03:36:14.467726 #11853]  INFO -- : HTTP-запрос: GET /favicon.ico HTTP/1.1
Host: localhost:7326
Connection: keep-alive
Accept: */*
User-Agent: Mozilla/5.0 (X11; Linux i686) AppleWebKit/537.11 (KHTML, like Gecko) Chrome/23.0.1271.64 Safari/537.11
Accept-Encoding: gzip,deflate,sdch
Accept-Language: en-US,en;q=0.8
Accept-Charset: ISO-8859-1,utf-8;q=0.7,*;q=0.3


I, [2012-11-25T03:36:16.963342 #11853]  INFO -- : HTTP-запрос: GET / HTTP/1.1
Host: localhost:7326
Connection: keep-alive
Cache-Control: max-age=0
User-Agent: Mozilla/5.0 (X11; Linux i686) AppleWebKit/537.11 (KHTML, like Gecko) Chrome/23.0.1271.64 Safari/537.11
Accept: text/html,application/xhtml+xml,application/xml;q=0.9,*/*;q=0.8
Accept-Encoding: gzip,deflate,sdch
Accept-Language: en-US,en;q=0.8
Accept-Charset: ISO-8859-1,utf-8;q=0.7,*;q=0.3


I, [2012-11-25T03:36:17.335884 #11853]  INFO -- : Установлено соединение c Без имени #343
I, [2012-11-25T03:36:17.528358 #11853]  INFO -- : HTTP-запрос: GET /favicon.ico HTTP/1.1
Host: localhost:7326
Connection: keep-alive
Accept: */*
User-Agent: Mozilla/5.0 (X11; Linux i686) AppleWebKit/537.11 (KHTML, like Gecko) Chrome/23.0.1271.64 Safari/537.11
Accept-Encoding: gzip,deflate,sdch
Accept-Language: en-US,en;q=0.8
Accept-Charset: ISO-8859-1,utf-8;q=0.7,*;q=0.3


I, [2012-11-25T03:36:18.323422 #11853]  INFO -- : Сообщение от Без имени #343: fdv
I, [2012-11-25T03:36:20.892079 #11853]  INFO -- : Сообщение от Без имени #343: dfv
I, [2012-11-25T03:37:44.428115 #11853]  INFO -- : Соединение c Без имени #351 закрыто
I, [2012-11-25T03:37:44.429274 #11853]  INFO -- : Соединение c Без имени #343 закрыто
I, [2012-11-25T03:37:45.196247 #11872]  INFO -- : Create Chat (версия 0.1)
I, [2012-11-25T03:37:45.196416 #11872]  INFO -- : WebSockets сервер запущен на 0.0.0.0:7325
I, [2012-11-25T03:37:45.196507 #11872]  INFO -- : HTTP сервер запущен на 0.0.0.0:7326
I, [2012-11-25T03:37:50.671121 #11872]  INFO -- : HTTP-запрос: GET / HTTP/1.1
Host: localhost:7326
Connection: keep-alive
Cache-Control: max-age=0
User-Agent: Mozilla/5.0 (X11; Linux i686) AppleWebKit/537.11 (KHTML, like Gecko) Chrome/23.0.1271.64 Safari/537.11
Accept: text/html,application/xhtml+xml,application/xml;q=0.9,*/*;q=0.8
Accept-Encoding: gzip,deflate,sdch
Accept-Language: en-US,en;q=0.8
Accept-Charset: ISO-8859-1,utf-8;q=0.7,*;q=0.3


I, [2012-11-25T03:37:51.027458 #11872]  INFO -- : Установлено соединение c Без имени #487
I, [2012-11-25T03:37:51.174588 #11872]  INFO -- : HTTP-запрос: GET /favicon.ico HTTP/1.1
Host: localhost:7326
Connection: keep-alive
Accept: */*
User-Agent: Mozilla/5.0 (X11; Linux i686) AppleWebKit/537.11 (KHTML, like Gecko) Chrome/23.0.1271.64 Safari/537.11
Accept-Encoding: gzip,deflate,sdch
Accept-Language: en-US,en;q=0.8
Accept-Charset: ISO-8859-1,utf-8;q=0.7,*;q=0.3


I, [2012-11-25T03:37:52.492309 #11872]  INFO -- : Сообщение от Без имени #487: dsc
I, [2012-11-25T03:37:54.073652 #11872]  INFO -- : Сообщение от Без имени #487: sdc
I, [2012-11-25T03:37:54.553559 #11872]  INFO -- : Сообщение от Без имени #487: d
I, [2012-11-25T03:37:54.837087 #11872]  INFO -- : Сообщение от Без имени #487: d
I, [2012-11-25T03:37:55.091038 #11872]  INFO -- : Сообщение от Без имени #487: d
I, [2012-11-25T03:37:55.315444 #11872]  INFO -- : Сообщение от Без имени #487: d
I, [2012-11-25T03:37:55.505753 #11872]  INFO -- : Сообщение от Без имени #487: d
I, [2012-11-25T03:37:55.706056 #11872]  INFO -- : Сообщение от Без имени #487: d
I, [2012-11-25T03:37:55.898748 #11872]  INFO -- : Сообщение от Без имени #487: d
I, [2012-11-25T03:37:56.099772 #11872]  INFO -- : Сообщение от Без имени #487: d
I, [2012-11-25T03:37:56.314585 #11872]  INFO -- : Сообщение от Без имени #487: d
I, [2012-11-25T03:37:56.533945 #11872]  INFO -- : Сообщение от Без имени #487: d
I, [2012-11-25T03:37:56.755757 #11872]  INFO -- : Сообщение от Без имени #487: d
I, [2012-11-25T03:37:57.048854 #11872]  INFO -- : Сообщение от Без имени #487: d
I, [2012-11-25T03:37:57.776042 #11872]  INFO -- : Сообщение от Без имени #487: d
I, [2012-11-25T03:37:58.285474 #11872]  INFO -- : Сообщение от Без имени #487: d
I, [2012-11-25T03:37:58.670173 #11872]  INFO -- : Сообщение от Без имени #487: d
I, [2012-11-25T03:37:59.037829 #11872]  INFO -- : Сообщение от Без имени #487: d
I, [2012-11-25T03:38:08.078987 #11872]  INFO -- : Сообщение от Без имени #487: dfvfdv
I, [2012-11-25T03:38:09.225747 #11872]  INFO -- : Сообщение от Без имени #487: dfvdfv
I, [2012-11-25T03:38:10.026115 #11872]  INFO -- : Сообщение от Без имени #487: dfvdfv
I, [2012-11-25T03:38:13.933323 #11872]  INFO -- : Сообщение от Без имени #487: $help
I, [2012-11-25T03:40:00.872777 #11872]  INFO -- : Соединение c Без имени #487 закрыто
I, [2012-11-25T03:40:01.647454 #11917]  INFO -- : Create Chat (версия 0.1)
I, [2012-11-25T03:40:01.647623 #11917]  INFO -- : WebSockets сервер запущен на 0.0.0.0:7325
I, [2012-11-25T03:40:01.647714 #11917]  INFO -- : HTTP сервер запущен на 0.0.0.0:7326
I, [2012-11-25T03:40:04.195944 #11917]  INFO -- : HTTP-запрос: GET / HTTP/1.1
Host: localhost:7326
Connection: keep-alive
Cache-Control: max-age=0
User-Agent: Mozilla/5.0 (X11; Linux i686) AppleWebKit/537.11 (KHTML, like Gecko) Chrome/23.0.1271.64 Safari/537.11
Accept: text/html,application/xhtml+xml,application/xml;q=0.9,*/*;q=0.8
Accept-Encoding: gzip,deflate,sdch
Accept-Language: en-US,en;q=0.8
Accept-Charset: ISO-8859-1,utf-8;q=0.7,*;q=0.3


I, [2012-11-25T03:40:04.456411 #11917]  INFO -- : Установлено соединение c Без имени #284
I, [2012-11-25T03:40:04.552885 #11917]  INFO -- : HTTP-запрос: GET /favicon.ico HTTP/1.1
Host: localhost:7326
Connection: keep-alive
Accept: */*
User-Agent: Mozilla/5.0 (X11; Linux i686) AppleWebKit/537.11 (KHTML, like Gecko) Chrome/23.0.1271.64 Safari/537.11
Accept-Encoding: gzip,deflate,sdch
Accept-Language: en-US,en;q=0.8
Accept-Charset: ISO-8859-1,utf-8;q=0.7,*;q=0.3


I, [2012-11-25T03:40:06.035680 #11917]  INFO -- : Сообщение от Без имени #284: df
I, [2012-11-25T03:40:06.999852 #11917]  INFO -- : Сообщение от Без имени #284: df
I, [2012-11-25T03:40:07.449024 #11917]  INFO -- : Сообщение от Без имени #284: df
I, [2012-11-25T03:40:07.817133 #11917]  INFO -- : Сообщение от Без имени #284: df
I, [2012-11-25T03:40:08.199100 #11917]  INFO -- : Сообщение от Без имени #284: df
I, [2012-11-25T03:40:09.352395 #11917]  INFO -- : Сообщение от Без имени #284: df
I, [2012-11-25T03:40:09.894930 #11917]  INFO -- : Сообщение от Без имени #284: f
I, [2012-11-25T03:40:10.097694 #11917]  INFO -- : Сообщение от Без имени #284: f
I, [2012-11-25T03:40:10.278635 #11917]  INFO -- : Сообщение от Без имени #284: f
I, [2012-11-25T03:40:10.449714 #11917]  INFO -- : Сообщение от Без имени #284: f
I, [2012-11-25T03:40:10.614276 #11917]  INFO -- : Сообщение от Без имени #284: f
I, [2012-11-25T03:40:10.779209 #11917]  INFO -- : Сообщение от Без имени #284: f
I, [2012-11-25T03:40:10.953581 #11917]  INFO -- : Сообщение от Без имени #284: f
I, [2012-11-25T03:40:11.131491 #11917]  INFO -- : Сообщение от Без имени #284: f
I, [2012-11-25T03:40:11.318734 #11917]  INFO -- : Сообщение от Без имени #284: f
I, [2012-11-25T03:40:11.516779 #11917]  INFO -- : Сообщение от Без имени #284: f
I, [2012-11-25T03:40:11.725931 #11917]  INFO -- : Сообщение от Без имени #284: f
I, [2012-11-25T03:40:11.920154 #11917]  INFO -- : Сообщение от Без имени #284: f
I, [2012-11-25T03:40:12.120371 #11917]  INFO -- : Сообщение от Без имени #284: f
I, [2012-11-25T03:40:12.320273 #11917]  INFO -- : Сообщение от Без имени #284: f
I, [2012-11-25T03:40:12.543792 #11917]  INFO -- : Сообщение от Без имени #284: f
I, [2012-11-25T03:40:12.741917 #11917]  INFO -- : Сообщение от Без имени #284: f
I, [2012-11-25T03:40:12.935852 #11917]  INFO -- : Сообщение от Без имени #284: f
I, [2012-11-25T03:40:13.149038 #11917]  INFO -- : Сообщение от Без имени #284: f
I, [2012-11-25T03:40:13.379411 #11917]  INFO -- : Сообщение от Без имени #284: f
I, [2012-11-25T03:40:17.982916 #11917]  INFO -- : Сообщение от Без имени #284: f
I, [2012-11-25T03:40:32.411354 #11917]  INFO -- : Сообщение от Без имени #284: $help
I, [2012-11-25T03:40:40.428948 #11917]  INFO -- : HTTP-запрос: GET / HTTP/1.1
Host: localhost:7326
Connection: keep-alive
Cache-Control: max-age=0
Pragma: no-cache
User-Agent: Mozilla/5.0 (X11; Linux i686) AppleWebKit/537.11 (KHTML, like Gecko) Chrome/23.0.1271.64 Safari/537.11
Accept: text/html,application/xhtml+xml,application/xml;q=0.9,*/*;q=0.8
Accept-Encoding: gzip,deflate,sdch
Accept-Language: en-US,en;q=0.8
Accept-Charset: ISO-8859-1,utf-8;q=0.7,*;q=0.3


I, [2012-11-25T03:40:40.884915 #11917]  INFO -- : Установлено соединение c Без имени #266
I, [2012-11-25T03:40:40.988796 #11917]  INFO -- : HTTP-запрос: GET /favicon.ico HTTP/1.1
Host: localhost:7326
Connection: keep-alive
Accept: */*
User-Agent: Mozilla/5.0 (X11; Linux i686) AppleWebKit/537.11 (KHTML, like Gecko) Chrome/23.0.1271.64 Safari/537.11
Accept-Encoding: gzip,deflate,sdch
Accept-Language: en-US,en;q=0.8
Accept-Charset: ISO-8859-1,utf-8;q=0.7,*;q=0.3


I, [2012-11-25T03:40:42.438049 #11917]  INFO -- : Сообщение от Без имени #266: HI
I, [2012-11-25T03:40:51.189890 #11917]  INFO -- : Соединение c Без имени #266 закрыто
I, [2012-11-25T03:40:55.626259 #11917]  INFO -- : Сообщение от Без имени #284: dc
I, [2012-11-25T03:40:57.579494 #11917]  INFO -- : Сообщение от Без имени #284: $ls
I, [2012-11-25T03:41:10.509804 #11917]  INFO -- : Соединение c Без имени #284 закрыто
I, [2012-11-25T03:42:46.231706 #11933]  INFO -- : Create Chat (версия 0.1)
I, [2012-11-25T03:42:46.231877 #11933]  INFO -- : WebSockets сервер запущен на 0.0.0.0:7325
I, [2012-11-25T03:42:46.231968 #11933]  INFO -- : HTTP сервер запущен на 0.0.0.0:7326
I, [2012-11-25T03:42:48.061101 #11933]  INFO -- : HTTP-запрос: GET / HTTP/1.1
Host: localhost:7326
Connection: keep-alive
Cache-Control: max-age=0
User-Agent: Mozilla/5.0 (X11; Linux i686) AppleWebKit/537.11 (KHTML, like Gecko) Chrome/23.0.1271.64 Safari/537.11
Accept: text/html,application/xhtml+xml,application/xml;q=0.9,*/*;q=0.8
Accept-Encoding: gzip,deflate,sdch
Accept-Language: en-US,en;q=0.8
Accept-Charset: ISO-8859-1,utf-8;q=0.7,*;q=0.3


I, [2012-11-25T03:42:48.299336 #11933]  INFO -- : Установлено соединение c Без имени #734
I, [2012-11-25T03:42:48.389796 #11933]  INFO -- : HTTP-запрос: GET /favicon.ico HTTP/1.1
Host: localhost:7326
Connection: keep-alive
Accept: */*
User-Agent: Mozilla/5.0 (X11; Linux i686) AppleWebKit/537.11 (KHTML, like Gecko) Chrome/23.0.1271.64 Safari/537.11
Accept-Encoding: gzip,deflate,sdch
Accept-Language: en-US,en;q=0.8
Accept-Charset: ISO-8859-1,utf-8;q=0.7,*;q=0.3


I, [2012-11-25T03:43:23.970583 #11933]  INFO -- : HTTP-запрос: GET / HTTP/1.1
Host: localhost:7326
Connection: keep-alive
User-Agent: Mozilla/5.0 (X11; Linux i686) AppleWebKit/537.11 (KHTML, like Gecko) Chrome/23.0.1271.64 Safari/537.11
Accept: text/html,application/xhtml+xml,application/xml;q=0.9,*/*;q=0.8
Accept-Encoding: gzip,deflate,sdch
Accept-Language: en-US,en;q=0.8
Accept-Charset: ISO-8859-1,utf-8;q=0.7,*;q=0.3


I, [2012-11-25T03:43:24.213685 #11933]  INFO -- : Установлено соединение c Без имени #169
I, [2012-11-25T03:43:24.664651 #11933]  INFO -- : HTTP-запрос: GET /favicon.ico HTTP/1.1
Host: localhost:7326
Connection: keep-alive
Accept: */*
User-Agent: Mozilla/5.0 (X11; Linux i686) AppleWebKit/537.11 (KHTML, like Gecko) Chrome/23.0.1271.64 Safari/537.11
Accept-Encoding: gzip,deflate,sdch
Accept-Language: en-US,en;q=0.8
Accept-Charset: ISO-8859-1,utf-8;q=0.7,*;q=0.3


I, [2012-11-25T03:43:33.808603 #11933]  INFO -- : Соединение c Без имени #169 закрыто
I, [2012-11-25T03:43:56.196928 #11933]  INFO -- : Сообщение от Без имени #734: $srv
I, [2012-11-25T03:44:04.044122 #11933]  INFO -- : Соединение c Без имени #734 закрыто
